Removed Member From Class: ClassName=Power Member=C2
Removed Member From Class: ClassName=Half-Bridge Phase1 Member=C10
Removed Member From Class: ClassName=BLDC_Drive Member=C35
Removed Member From Class: ClassName=Power Member=C36
Removed Member From Class: ClassName=Half-Bridge Phase2 Member=C37
Removed Member From Class: ClassName=Power Member=D11
Removed Member From Class: ClassName=Power Member=D12
Removed Member From Class: ClassName=Half-Bridge Phase1 Member=D13
Removed Member From Class: ClassName=Half-Bridge Phase1 Member=D15
Removed Member From Class: ClassName=BLDC_Drive Member=Q1
Removed Member From Class: ClassName=BLDC_Drive Member=Q2
Removed Member From Class: ClassName=BLDC_Drive Member=R8
Removed Member From Class: ClassName=Power Member=R8
Removed Member From Class: ClassName=Power Member=R9
Removed Member From Class: ClassName=BLDC_Drive Member=R10
Removed Member From Class: ClassName=Power Member=R10
Removed Member From Class: ClassName=BLDC_Drive Member=R12
Removed Member From Class: ClassName=Power Member=R12
Removed Member From Class: ClassName=BLDC_Drive Member=R13
Removed Member From Class: ClassName=Power Member=R13
Removed Member From Class: ClassName=BLDC_Drive Member=R15
Removed Member From Class: ClassName=BLDC_Drive Member=R16
Removed Member From Class: ClassName=BLDC_Drive Member=R17
Removed Member From Class: ClassName=Half-Bridge Phase1 Member=R19
Removed Member From Class: ClassName=Half-Bridge Phase1 Member=R21
Removed Member From Class: ClassName=Power Member=R21
Removed Member From Class: ClassName=BLDC_Drive Member=R31
Removed Member From Class: ClassName=Half-Bridge Phase1 Member=R31
Removed Member From Class: ClassName=BLDC_Drive Member=R33
Removed Member From Class: ClassName=Half-Bridge Phase1 Member=R33
Removed Member From Class: ClassName=Power Member=U1
Removed Member From Class: ClassName=BLDC_Drive Member=U4
Removed Member From Class: ClassName=Half-Bridge Phase1 Member=U4
Removed Member From Class: ClassName=Power Member=U4
Removed Member From Class: ClassName=BLDC_Drive Member=U7
Removed Member From Class: ClassName=Half-Bridge Phase2 Member=U7
Added Member To Class: ClassName=BLDC_Drive Member=Component C1 0.1uF
Added Member To Class: ClassName=Half-Bridge Phase1 Member=Component C2 (C32) 0.1uF
Added Member To Class: ClassName=BLDC_Drive Member=Component C3 470uF
Added Member To Class: ClassName=BLDC_Drive Member=Component C4 470uF
Added Member To Class: ClassName=BLDC_Drive Member=Component C5 470uF
Added Member To Class: ClassName=BLDC_Drive Member=Component C6 470uF
Added Member To Class: ClassName=BLDC_Drive Member=Component C8 4.7uF
Added Member To Class: ClassName=BLDC_Drive Member=Component C9 0.1uF
Added Member To Class: ClassName=BLDC_Drive Member=Component C11 0.1uF
Added Member To Class: ClassName=BLDC_Drive Member=Component C12 0.1uF
Added Member To Class: ClassName=BLDC_Drive Member=Component C13 18pF
Added Member To Class: ClassName=BLDC_Drive Member=Component C29 0.1uF
Added Member To Class: ClassName=Half-Bridge Phase2 Member=Component C32 0.1uF
Added Member To Class: ClassName=BLDC_Drive Member=Component C33 0.1uF
Added Member To Class: ClassName=Power Member=Component C34 0.1uF
Added Member To Class: ClassName=Power Member=Component C35 47uF
Added Member To Class: ClassName=Power Member=Component C38 4.7uF
Added Member To Class: ClassName=Power Member=Component C40 2.2uF
Added Member To Class: ClassName=Power Member=Component C42 22nF
Added Member To Class: ClassName=Power Member=Component C44 0.1uF
Added Member To Class: ClassName=Power Member=Component C45 0.1uF
Added Member To Class: ClassName=Power Member=Component C46 0.1uF
Added Member To Class: ClassName=Power Member=Component C47 0.1uF
Added Member To Class: ClassName=Half-Bridge Phase1 Member=Component D10 60V, 1A
Added Member To Class: ClassName=Half-Bridge Phase1 Member=Component D12 TVS 3.3V
Added Member To Class: ClassName=Power Member=Component D14 TVS 48V
Added Member To Class: ClassName=Power Member=Component D15 TVS 20V
Added Member To Class: ClassName=BLDC_Drive Member=Component J4 XT30
Added Member To Class: ClassName=BLDC_Drive Member=Component J6 CWF-4P
Added Member To Class: ClassName=BLDC_Drive Member=Component J8 VCC-
Added Member To Class: ClassName=BLDC_Drive Member=Component J10 Phase2
Added Member To Class: ClassName=BLDC_Drive Member=Component J11 Phase3
Added Member To Class: ClassName=BLDC_Drive Member=Component J12 CWF-4P
Added Member To Class: ClassName=BLDC_Drive Member=Component Q3 100V, 59A, 18m?
Added Member To Class: ClassName=BLDC_Drive Member=Component Q4 45V, 500mA
Added Member To Class: ClassName=Half-Bridge Phase1 Member=Component R8 0R
Added Member To Class: ClassName=Half-Bridge Phase1 Member=Component R9 100R
Added Member To Class: ClassName=Half-Bridge Phase1 Member=Component R11 100R
Added Member To Class: ClassName=Half-Bridge Phase1 Member=Component R14 100k
Added Member To Class: ClassName=Half-Bridge Phase1 Member=Component R16 1mR
Added Member To Class: ClassName=Half-Bridge Phase1 Member=Component R18 100k
Added Member To Class: ClassName=BLDC_Drive Member=Component R20 100R
Added Member To Class: ClassName=BLDC_Drive Member=Component R22 25mR
Added Member To Class: ClassName=BLDC_Drive Member=Component R24 25mR
Added Member To Class: ClassName=BLDC_Drive Member=Component R25 25mR
Added Member To Class: ClassName=BLDC_Drive Member=Component R26 100k
Added Member To Class: ClassName=BLDC_Drive Member=Component R27 10k
Added Member To Class: ClassName=BLDC_Drive Member=Component R28 100k
Added Member To Class: ClassName=BLDC_Drive Member=Component R29 10k
Added Member To Class: ClassName=Power Member=Component R30 24k
Added Member To Class: ClassName=Power Member=Component R31 560k
Added Member To Class: ClassName=Power Member=Component R32 1k
Added Member To Class: ClassName=Power Member=Component R33 39k
Added Member To Class: ClassName=Power Member=Component R34 120k
Added Member To Class: ClassName=Power Member=Component R35 24k
Added Member To Class: ClassName=BLDC_Drive Member=Component R36 4.7k
Added Member To Class: ClassName=BLDC_Drive Member=Component R37 24k
Added Member To Class: ClassName=BLDC_Drive Member=Component R38 24k
Added Member To Class: ClassName=BLDC_Drive Member=Component R39 120R
Added Member To Class: ClassName=BLDC_Drive Member=Component R40 4.7k
Added Member To Class: ClassName=Half-Bridge Phase1 Member=Component U1 (U4) OpAmp
Added Member To Class: ClassName=BLDC_Drive Member=Component U2 Driver
Added Member To Class: ClassName=BLDC_Drive Member=Component U3 STM32F103RCT6
Added Member To Class: ClassName=Half-Bridge Phase2 Member=Component U4 OpAmp
Added Member To Class: ClassName=BLDC_Drive Member=Component U5 OpAmp
Added Member To Class: ClassName=BLDC_Drive Member=Component U6 RS-485
Added Member To Class: ClassName=Power Member=Component U7 LDO 3.3V
Added Member To Class: ClassName=Power Member=Component U8 DC/DC
