Removed Member From Class: ClassName=Power Member=C30
Removed Member From Class: ClassName=Half-Bridge Phase1 Member=C40
Removed Member From Class: ClassName=Half-Bridge Phase3 Member=C42
Removed Member From Class: ClassName=Half-Bridge Phase2 Member=D10
Removed Member From Class: ClassName=Half-Bridge Phase3 Member=D10
Removed Member From Class: ClassName=Half-Bridge Phase2 Member=D11
Removed Member From Class: ClassName=Half-Bridge Phase3 Member=D11
Removed Member From Class: ClassName=Half-Bridge Phase2 Member=D12
Removed Member From Class: ClassName=Half-Bridge Phase3 Member=D12
Removed Member From Class: ClassName=Half-Bridge Phase1 Member=D16
Removed Member From Class: ClassName=Power Member=D16
Removed Member From Class: ClassName=Half-Bridge Phase1 Member=D18
Removed Member From Class: ClassName=Power Member=D18
Removed Member From Class: ClassName=Half-Bridge Phase3 Member=R25
Removed Member From Class: ClassName=Half-Bridge Phase3 Member=R27
Removed Member From Class: ClassName=Half-Bridge Phase3 Member=R28
Removed Member From Class: ClassName=Half-Bridge Phase1 Member=R29
Removed Member From Class: ClassName=Half-Bridge Phase2 Member=R29
Removed Member From Class: ClassName=Half-Bridge Phase3 Member=R29
Removed Member From Class: ClassName=Half-Bridge Phase3 Member=R30
Removed Member From Class: ClassName=Half-Bridge Phase3 Member=R32
Removed Member From Class: ClassName=Power Member=R37
Removed Member From Class: ClassName=Half-Bridge Phase1 Member=R42
Removed Member From Class: ClassName=Half-Bridge Phase1 Member=R52
Removed Member From Class: ClassName=Half-Bridge Phase2 Member=R52
Removed Member From Class: ClassName=Power Member=R52
Removed Member From Class: ClassName=Half-Bridge Phase2 Member=R54
Removed Member From Class: ClassName=Half-Bridge Phase1 Member=R57
Removed Member From Class: ClassName=Half-Bridge Phase2 Member=R57
Removed Member From Class: ClassName=Power Member=R57
Removed Member From Class: ClassName=Half-Bridge Phase2 Member=R59
Removed Member From Class: ClassName=Half-Bridge Phase1 Member=R61
Removed Member From Class: ClassName=Half-Bridge Phase2 Member=R61
Removed Member From Class: ClassName=Power Member=U3
Removed Member From Class: ClassName=Half-Bridge Phase2 Member=U6
Removed Member From Class: ClassName=Half-Bridge Phase3 Member=U6
Removed Member From Class: ClassName=Half-Bridge Phase1 Member=U8
Removed Member From Class: ClassName=HV Member=NetJ8_2
Change Component Designator: OldDesignator=C1 NewDesignator=C3
Change Component Designator: OldDesignator=C2 NewDesignator=C4
Change Component Designator: OldDesignator=C3 NewDesignator=C5
Change Component Designator: OldDesignator=C4 NewDesignator=C6
Change Component Designator: OldDesignator=C5 NewDesignator=C7
Change Component Designator: OldDesignator=C6 NewDesignator=C8
Change Component Designator: OldDesignator=C7 NewDesignator=C9
Change Component Designator: OldDesignator=C8 NewDesignator=C10
Change Component Designator: OldDesignator=C9 NewDesignator=C11
Change Component Designator: OldDesignator=C10 NewDesignator=C13
Change Component Designator: OldDesignator=C11 NewDesignator=C12
Change Component Designator: OldDesignator=C12 NewDesignator=C28
Change Component Designator: OldDesignator=C13 NewDesignator=C29
Change Component Designator: OldDesignator=C28 NewDesignator=C1
Change Component Designator: OldDesignator=C29 NewDesignator=C33
Change Component Designator: OldDesignator=C32 NewDesignator=C34
Change Component Designator: OldDesignator=C33 NewDesignator=C35
Change Component Designator: OldDesignator=C34 NewDesignator=C37
Change Component Designator: OldDesignator=C35 NewDesignator=C46
Change Component Designator: OldDesignator=C36 NewDesignator=C47
Change Component Designator: OldDesignator=C37 NewDesignator=C38
Change Component Designator: OldDesignator=C38 NewDesignator=C39
Change Component Designator: OldDesignator=C39 NewDesignator=C40
Change Component Designator: OldDesignator=C40 NewDesignator=C41
Change Component Designator: OldDesignator=C41 NewDesignator=C42
Change Component Designator: OldDesignator=C42 NewDesignator=C43
Change Component Designator: OldDesignator=C43 NewDesignator=C44
Change Component Designator: OldDesignator=C44 NewDesignator=C45
Change Component Designator: OldDesignator=C45 NewDesignator=C2
Change Component Designator: OldDesignator=C46 NewDesignator=C32
Change Component Designator: OldDesignator=C47 NewDesignator=C36
Change Component Designator: OldDesignator=D10 NewDesignator=D13
Change Component Designator: OldDesignator=D11 NewDesignator=D15
Change Component Designator: OldDesignator=D12 NewDesignator=D14
Change Component Designator: OldDesignator=D13 NewDesignator=D10
Change Component Designator: OldDesignator=D14 NewDesignator=D11
Change Component Designator: OldDesignator=D15 NewDesignator=D12
Change Component Designator: OldDesignator=J2 NewDesignator=J8
Change Component Designator: OldDesignator=J3 NewDesignator=J2
Change Component Designator: OldDesignator=J4 NewDesignator=J9
Change Component Designator: OldDesignator=J5 NewDesignator=J10
Change Component Designator: OldDesignator=J6 NewDesignator=J11
Change Component Designator: OldDesignator=J7 NewDesignator=J3
Change Component Designator: OldDesignator=J8 NewDesignator=J4
Change Component Designator: OldDesignator=J9 NewDesignator=J12
Change Component Designator: OldDesignator=J10 NewDesignator=J6
Change Component Designator: OldDesignator=J11 NewDesignator=J5
Change Component Designator: OldDesignator=J12 NewDesignator=J7
Change Component Designator: OldDesignator=Q1 NewDesignator=Q3
Change Component Designator: OldDesignator=Q2 NewDesignator=Q4
Change Component Designator: OldDesignator=Q3 NewDesignator=Q1
Change Component Designator: OldDesignator=Q4 NewDesignator=Q2
Change Component Designator: OldDesignator=R8 NewDesignator=R20
Change Component Designator: OldDesignator=R9 NewDesignator=R26
Change Component Designator: OldDesignator=R10 NewDesignator=R27
Change Component Designator: OldDesignator=R11 NewDesignator=R21
Change Component Designator: OldDesignator=R12 NewDesignator=R22
Change Component Designator: OldDesignator=R13 NewDesignator=R23
Change Component Designator: OldDesignator=R14 NewDesignator=R19
Change Component Designator: OldDesignator=R15 NewDesignator=R36
Change Component Designator: OldDesignator=R16 NewDesignator=R28
Change Component Designator: OldDesignator=R17 NewDesignator=R29
Change Component Designator: OldDesignator=R18 NewDesignator=R37
Change Component Designator: OldDesignator=R19 NewDesignator=R24
Change Component Designator: OldDesignator=R20 NewDesignator=R25
Change Component Designator: OldDesignator=R21 NewDesignator=R38
Change Component Designator: OldDesignator=R22 NewDesignator=R39
Change Component Designator: OldDesignator=R23 NewDesignator=R40
Change Component Designator: OldDesignator=R24 NewDesignator=R30
Change Component Designator: OldDesignator=R25 NewDesignator=R31
Change Component Designator: OldDesignator=R26 NewDesignator=R32
Change Component Designator: OldDesignator=R27 NewDesignator=R33
Change Component Designator: OldDesignator=R28 NewDesignator=R34
Change Component Designator: OldDesignator=R29 NewDesignator=R35
Change Component Designator: OldDesignator=R30 NewDesignator=R8
Change Component Designator: OldDesignator=R31 NewDesignator=R9
Change Component Designator: OldDesignator=R32 NewDesignator=R10
Change Component Designator: OldDesignator=R33 NewDesignator=R11
Change Component Designator: OldDesignator=R34 NewDesignator=R12
Change Component Designator: OldDesignator=R35 NewDesignator=R13
Change Component Designator: OldDesignator=R36 NewDesignator=R14
Change Component Designator: OldDesignator=R37 NewDesignator=R15
Change Component Designator: OldDesignator=R38 NewDesignator=R16
Change Component Designator: OldDesignator=R39 NewDesignator=R17
Change Component Designator: OldDesignator=R40 NewDesignator=R18
Change Component Designator: OldDesignator=U1 NewDesignator=U2
Change Component Designator: OldDesignator=U2 NewDesignator=U3
Change Component Designator: OldDesignator=U3 NewDesignator=U5
Change Component Designator: OldDesignator=U4 NewDesignator=U6
Change Component Designator: OldDesignator=U5 NewDesignator=U8
Change Component Designator: OldDesignator=U6 NewDesignator=U7
Change Component Designator: OldDesignator=U7 NewDesignator=U1
Change Component Designator: OldDesignator=U8 NewDesignator=U4
Change Net Name : Old Net Name=NetC10_1 New Net Name=NetC13_1
Change Net Name : Old Net Name=NetC32_1 New Net Name=NetC34_1
Change Net Name : Old Net Name=NetC32_2 New Net Name=NetC34_2
Change Net Name : Old Net Name=NetC40_2 New Net Name=NetC41_2
Change Net Name : Old Net Name=NetC41_2 New Net Name=NetC42_2
Change Net Name : Old Net Name=NetD13_1 New Net Name=NetD10_1
Change Net Name : Old Net Name=NetD14_1 New Net Name=NetD11_1
Change Net Name : Old Net Name=NetJ8_2 New Net Name=NetJ4_2
Change Net Name : Old Net Name=NetJ10_2 New Net Name=NetJ6_2
Change Net Name : Old Net Name=NetJ10_3 New Net Name=NetJ6_3
Change Net Name : Old Net Name=NetJ12_1 New Net Name=NetJ7_1
Change Net Name : Old Net Name=NetJ12_2 New Net Name=NetJ7_2
Change Net Name : Old Net Name=NetQ1_1 New Net Name=NetQ3_1
Change Net Name : Old Net Name=NetQ1_3 New Net Name=NetQ3_3
Change Net Name : Old Net Name=NetQ3_1 New Net Name=NetQ1_1
Change Net Name : Old Net Name=NetQ4_1 New Net Name=NetQ2_1
Change Net Name : Old Net Name=NetQ4_3 New Net Name=NetQ2_3
Change Net Name : Old Net Name=NetR9_2 New Net Name=NetR26_2
Change Net Name : Old Net Name=NetR12_1 New Net Name=NetR22_1
Change Net Name : Old Net Name=NetR16_1 New Net Name=NetR28_1
Change Net Name : Old Net Name=NetR25_1 New Net Name=NetR31_1
Change Net Name : Old Net Name=NetR28_2 New Net Name=NetR34_2
Change Net Name : Old Net Name=NetR34_1 New Net Name=NetR12_1
Change Net Name : Old Net Name=NetR39_2 New Net Name=NetR17_2
Added Member To Class: ClassName=Half-Bridge Phase1 Member=Component C2 (C32) 0.1uF
Added Member To Class: ClassName=BLDC_Drive Member=Component C7 4.7uF
Added Member To Class: ClassName=BLDC_Drive Member=Component C13 18pF
Added Member To Class: ClassName=BLDC_Drive Member=Component C28 0.1uF
Added Member To Class: ClassName=BLDC_Drive Member=Component C31 1uF
Added Member To Class: ClassName=BLDC_Drive Member=Component C33 0.1uF
Added Member To Class: ClassName=Power Member=Component C35 47uF
Added Member To Class: ClassName=Half-Bridge Phase3 Member=Component C36 (C32) 0.1uF
Added Member To Class: ClassName=Power Member=Component C41 22pF
Added Member To Class: ClassName=Power Member=Component C43 0.33uF
Added Member To Class: ClassName=Power Member=Component C44 0.1uF
Added Member To Class: ClassName=Power Member=Component C45 0.1uF
Added Member To Class: ClassName=Power Member=Component C46 0.1uF
Added Member To Class: ClassName=Half-Bridge Phase1 Member=Component D10 60V, 1A
Added Member To Class: ClassName=Half-Bridge Phase1 Member=Component D12 TVS 3.3V
Added Member To Class: ClassName=Power Member=Component D13 40V, 3A
Added Member To Class: ClassName=Power Member=Component D15 TVS 20V
Added Member To Class: ClassName=Half-Bridge Phase2 Member=Component D16 (D10) 60V, 1A
Added Member To Class: ClassName=Half-Bridge Phase2 Member=Component D17 (D11) 60V, 1A
Added Member To Class: ClassName=Half-Bridge Phase2 Member=Component D18 (D12) TVS 3.3V
Added Member To Class: ClassName=Half-Bridge Phase3 Member=Component D19 (D10) 60V, 1A
Added Member To Class: ClassName=Half-Bridge Phase3 Member=Component D20 (D11) 60V, 1A
Added Member To Class: ClassName=Half-Bridge Phase3 Member=Component D21 (D12) TVS 3.3V
Added Member To Class: ClassName=BLDC_Drive Member=Component J10 Phase2
Added Member To Class: ClassName=BLDC_Drive Member=Component J11 Phase3
Added Member To Class: ClassName=Half-Bridge Phase1 Member=Component R8 0R
Added Member To Class: ClassName=Half-Bridge Phase1 Member=Component R9 100R
Added Member To Class: ClassName=Half-Bridge Phase1 Member=Component R10 0R
Added Member To Class: ClassName=Half-Bridge Phase1 Member=Component R11 100R
Added Member To Class: ClassName=Half-Bridge Phase1 Member=Component R12 100k
Added Member To Class: ClassName=Half-Bridge Phase1 Member=Component R14 100k
Added Member To Class: ClassName=Half-Bridge Phase1 Member=Component R16 1mR
Added Member To Class: ClassName=Half-Bridge Phase1 Member=Component R17 1k
Added Member To Class: ClassName=Half-Bridge Phase1 Member=Component R18 100k
Added Member To Class: ClassName=Power Member=Component R31 560k
Added Member To Class: ClassName=Power Member=Component R33 39k
Added Member To Class: ClassName=Power Member=Component R34 120k
Added Member To Class: ClassName=Half-Bridge Phase2 Member=Component R41 (R8) 0R
Added Member To Class: ClassName=Half-Bridge Phase2 Member=Component R42 (R9) 100R
Added Member To Class: ClassName=Half-Bridge Phase2 Member=Component R43 (R10) 0R
Added Member To Class: ClassName=Half-Bridge Phase2 Member=Component R44 (R11) 100R
Added Member To Class: ClassName=Half-Bridge Phase2 Member=Component R45 (R12) 100k
Added Member To Class: ClassName=Half-Bridge Phase2 Member=Component R46 (R13) 510R
Added Member To Class: ClassName=Half-Bridge Phase2 Member=Component R48 (R15) 1mR
Added Member To Class: ClassName=Half-Bridge Phase2 Member=Component R49 (R16) 1mR
Added Member To Class: ClassName=Half-Bridge Phase2 Member=Component R50 (R17) 1k
Added Member To Class: ClassName=Half-Bridge Phase2 Member=Component R51 (R18) 100k
Added Member To Class: ClassName=Half-Bridge Phase3 Member=Component R52 (R8) 0R
Added Member To Class: ClassName=Half-Bridge Phase3 Member=Component R53 (R9) 100R
Added Member To Class: ClassName=Half-Bridge Phase3 Member=Component R54 (R10) 0R
Added Member To Class: ClassName=Half-Bridge Phase3 Member=Component R55 (R11) 100R
Added Member To Class: ClassName=Half-Bridge Phase3 Member=Component R56 (R12) 100k
Added Member To Class: ClassName=Half-Bridge Phase3 Member=Component R57 (R13) 510R
Added Member To Class: ClassName=Half-Bridge Phase3 Member=Component R58 (R14) 100k
Added Member To Class: ClassName=Half-Bridge Phase3 Member=Component R60 (R16) 1mR
Added Member To Class: ClassName=Half-Bridge Phase3 Member=Component R62 (R18) 100k
Added Member To Class: ClassName=Half-Bridge Phase1 Member=Component U1 (U4) OpAmp
Added Member To Class: ClassName=Half-Bridge Phase2 Member=Component U4 OpAmp
Added Member To Class: ClassName=BLDC_Drive Member=Component U6 RS-485
Added Member To Class: ClassName=Power Member=Component U7 LDO 3.3V
Added Member To Class: ClassName=Half-Bridge Phase3 Member=Component U9 (U4) OpAmp
Added Member To Class: ClassName=HV Member=Wire NetJ4_2
