Removed Member From Class: ClassName=Half-Bridge Phase2 Member=C32
Removed Member From Class: ClassName=Half-Bridge Phase1 Member=C40
Removed Member From Class: ClassName=Half-Bridge Phase3 Member=D10
Removed Member From Class: ClassName=Half-Bridge Phase2 Member=D11
Removed Member From Class: ClassName=Half-Bridge Phase3 Member=D11
Removed Member From Class: ClassName=Half-Bridge Phase3 Member=D12
Removed Member From Class: ClassName=Half-Bridge Phase1 Member=D16
Removed Member From Class: ClassName=Half-Bridge Phase1 Member=D18
Removed Member From Class: ClassName=Half-Bridge Phase3 Member=R25
Removed Member From Class: ClassName=Half-Bridge Phase3 Member=R27
Removed Member From Class: ClassName=Half-Bridge Phase2 Member=R29
Removed Member From Class: ClassName=Half-Bridge Phase3 Member=R29
Removed Member From Class: ClassName=Power Member=R30
Removed Member From Class: ClassName=Power Member=R32
Removed Member From Class: ClassName=Half-Bridge Phase1 Member=R35
Removed Member From Class: ClassName=Half-Bridge Phase1 Member=R42
Removed Member From Class: ClassName=Half-Bridge Phase1 Member=R52
Removed Member From Class: ClassName=Half-Bridge Phase2 Member=R52
Removed Member From Class: ClassName=Half-Bridge Phase2 Member=R54
Removed Member From Class: ClassName=Half-Bridge Phase1 Member=R57
Removed Member From Class: ClassName=Half-Bridge Phase2 Member=R57
Removed Member From Class: ClassName=Half-Bridge Phase2 Member=R61
Removed Member From Class: ClassName=Half-Bridge Phase3 Member=U6
Removed Member From Class: ClassName=Half-Bridge Phase1 Member=U8
Change Component Designator: OldDesignator=C1 NewDesignator=C28
Change Component Designator: OldDesignator=C3 NewDesignator=C1
Change Component Designator: OldDesignator=C4 NewDesignator=C2
Change Component Designator: OldDesignator=C5 NewDesignator=C3
Change Component Designator: OldDesignator=C6 NewDesignator=C4
Change Component Designator: OldDesignator=C7 NewDesignator=C5
Change Component Designator: OldDesignator=C8 NewDesignator=C6
Change Component Designator: OldDesignator=C9 NewDesignator=C7
Change Component Designator: OldDesignator=C10 NewDesignator=C8
Change Component Designator: OldDesignator=C11 NewDesignator=C9
Change Component Designator: OldDesignator=C12 NewDesignator=C10
Change Component Designator: OldDesignator=C13 NewDesignator=C11
Change Component Designator: OldDesignator=C14 NewDesignator=C12
Change Component Designator: OldDesignator=C15 NewDesignator=C13
Change Component Designator: OldDesignator=C16 NewDesignator=C14
Change Component Designator: OldDesignator=C17 NewDesignator=C15
Change Component Designator: OldDesignator=C18 NewDesignator=C16
Change Component Designator: OldDesignator=C19 NewDesignator=C17
Change Component Designator: OldDesignator=C20 NewDesignator=C18
Change Component Designator: OldDesignator=C21 NewDesignator=C19
Change Component Designator: OldDesignator=C22 NewDesignator=C20
Change Component Designator: OldDesignator=C23 NewDesignator=C21
Change Component Designator: OldDesignator=C24 NewDesignator=C22
Change Component Designator: OldDesignator=C25 NewDesignator=C23
Change Component Designator: OldDesignator=C26 NewDesignator=C24
Change Component Designator: OldDesignator=C27 NewDesignator=C25
Change Component Designator: OldDesignator=C28 NewDesignator=C26
Change Component Designator: OldDesignator=C29 NewDesignator=C27
Change Component Designator: OldDesignator=C30 NewDesignator=C29
Change Component Designator: OldDesignator=C31 NewDesignator=C30
Change Component Designator: OldDesignator=C32 NewDesignator=C31
Change Component Designator: OldDesignator=C33 NewDesignator=C45
Change Component Designator: OldDesignator=C34 NewDesignator=C46
Change Component Designator: OldDesignator=C35 NewDesignator=C47
Change Component Designator: OldDesignator=C36 NewDesignator=C32
Change Component Designator: OldDesignator=C37 NewDesignator=C33
Change Component Designator: OldDesignator=C39 NewDesignator=C34
Change Component Designator: OldDesignator=C40 NewDesignator=C35
Change Component Designator: OldDesignator=C41 NewDesignator=C36
Change Component Designator: OldDesignator=C42 NewDesignator=C37
Change Component Designator: OldDesignator=C43 NewDesignator=C38
Change Component Designator: OldDesignator=C44 NewDesignator=C39
Change Component Designator: OldDesignator=C45 NewDesignator=C40
Change Component Designator: OldDesignator=C46 NewDesignator=C41
Change Component Designator: OldDesignator=C47 NewDesignator=C42
Change Component Designator: OldDesignator=C48 NewDesignator=C43
Change Component Designator: OldDesignator=C49 NewDesignator=C44
Change Component Designator: OldDesignator=D10 NewDesignator=D13
Change Component Designator: OldDesignator=D11 NewDesignator=D14
Change Component Designator: OldDesignator=D12 NewDesignator=D15
Change Component Designator: OldDesignator=D13 NewDesignator=D16
Change Component Designator: OldDesignator=D14 NewDesignator=D17
Change Component Designator: OldDesignator=D15 NewDesignator=D18
Change Component Designator: OldDesignator=D16 NewDesignator=D19
Change Component Designator: OldDesignator=D17 NewDesignator=D20
Change Component Designator: OldDesignator=D18 NewDesignator=D21
Change Component Designator: OldDesignator=D19 NewDesignator=D10
Change Component Designator: OldDesignator=D20 NewDesignator=D11
Change Component Designator: OldDesignator=D21 NewDesignator=D12
Change Component Designator: OldDesignator=J9 NewDesignator=J10
Change Component Designator: OldDesignator=J10 NewDesignator=J11
Change Component Designator: OldDesignator=J11 NewDesignator=J12
Change Component Designator: OldDesignator=J12 NewDesignator=J9
Change Component Designator: OldDesignator=R24 NewDesignator=R30
Change Component Designator: OldDesignator=R25 NewDesignator=R31
Change Component Designator: OldDesignator=R26 NewDesignator=R32
Change Component Designator: OldDesignator=R27 NewDesignator=R33
Change Component Designator: OldDesignator=R28 NewDesignator=R34
Change Component Designator: OldDesignator=R29 NewDesignator=R35
Change Component Designator: OldDesignator=R30 NewDesignator=R36
Change Component Designator: OldDesignator=R31 NewDesignator=R37
Change Component Designator: OldDesignator=R32 NewDesignator=R38
Change Component Designator: OldDesignator=R33 NewDesignator=R39
Change Component Designator: OldDesignator=R34 NewDesignator=R40
Change Component Designator: OldDesignator=R35 NewDesignator=R41
Change Component Designator: OldDesignator=R36 NewDesignator=R42
Change Component Designator: OldDesignator=R37 NewDesignator=R43
Change Component Designator: OldDesignator=R38 NewDesignator=R44
Change Component Designator: OldDesignator=R39 NewDesignator=R45
Change Component Designator: OldDesignator=R40 NewDesignator=R46
Change Component Designator: OldDesignator=R41 NewDesignator=R47
Change Component Designator: OldDesignator=R42 NewDesignator=R48
Change Component Designator: OldDesignator=R43 NewDesignator=R49
Change Component Designator: OldDesignator=R44 NewDesignator=R50
Change Component Designator: OldDesignator=R45 NewDesignator=R51
Change Component Designator: OldDesignator=R46 NewDesignator=R52
Change Component Designator: OldDesignator=R47 NewDesignator=R53
Change Component Designator: OldDesignator=R48 NewDesignator=R54
Change Component Designator: OldDesignator=R49 NewDesignator=R55
Change Component Designator: OldDesignator=R50 NewDesignator=R56
Change Component Designator: OldDesignator=R51 NewDesignator=R57
Change Component Designator: OldDesignator=R52 NewDesignator=R58
Change Component Designator: OldDesignator=R53 NewDesignator=R59
Change Component Designator: OldDesignator=R54 NewDesignator=R60
Change Component Designator: OldDesignator=R55 NewDesignator=R61
Change Component Designator: OldDesignator=R56 NewDesignator=R62
Change Component Designator: OldDesignator=R57 NewDesignator=R24
Change Component Designator: OldDesignator=R58 NewDesignator=R25
Change Component Designator: OldDesignator=R59 NewDesignator=R26
Change Component Designator: OldDesignator=R60 NewDesignator=R27
Change Component Designator: OldDesignator=R61 NewDesignator=R28
Change Component Designator: OldDesignator=R62 NewDesignator=R29
Change Component Designator: OldDesignator=U2 NewDesignator=U1
Change Component Designator: OldDesignator=U3 NewDesignator=U2
Change Component Designator: OldDesignator=U4 NewDesignator=U3
Change Component Designator: OldDesignator=U5 NewDesignator=U4
Change Component Designator: OldDesignator=U6 NewDesignator=U7
Change Component Designator: OldDesignator=U7 NewDesignator=U8
Change Component Designator: OldDesignator=U8 NewDesignator=U9
Change Component Designator: OldDesignator=U9 NewDesignator=U6
Change Component Designator: OldDesignator=U10 NewDesignator=U5
Change Net Name : Old Net Name=NetC12_1 New Net Name=NetC10_1
Change Net Name : Old Net Name=NetC16_1 New Net Name=NetC14_1
Change Net Name : Old Net Name=NetC36_1 New Net Name=NetC32_1
Change Net Name : Old Net Name=NetC36_2 New Net Name=NetC32_2
Change Net Name : Old Net Name=NetC45_2 New Net Name=NetC40_2
Change Net Name : Old Net Name=NetC46_2 New Net Name=NetC41_2
Change Net Name : Old Net Name=NetD10_1 New Net Name=NetD13_1
Change Net Name : Old Net Name=NetD11_1 New Net Name=NetD14_1
Change Net Name : Old Net Name=NetD13_1 New Net Name=NetD16_1
Change Net Name : Old Net Name=NetD14_1 New Net Name=NetD17_1
Change Net Name : Old Net Name=NetD16_1 New Net Name=NetD19_1
Change Net Name : Old Net Name=NetD17_1 New Net Name=NetD20_1
Change Net Name : Old Net Name=NetJ9_2 New Net Name=NetJ10_2
Change Net Name : Old Net Name=NetJ9_3 New Net Name=NetJ10_3
Change Net Name : Old Net Name=NetJ11_1 New Net Name=NetJ12_1
Change Net Name : Old Net Name=NetJ11_2 New Net Name=NetJ12_2
Change Net Name : Old Net Name=NetR28_1 New Net Name=NetR34_1
Change Net Name : Old Net Name=NetR33_2 New Net Name=NetR39_2
Change Net Name : Old Net Name=NetR39_1 New Net Name=NetR45_1
Change Net Name : Old Net Name=NetR44_2 New Net Name=NetR50_2
Change Net Name : Old Net Name=NetR50_1 New Net Name=NetR56_1
Change Net Name : Old Net Name=NetR55_2 New Net Name=NetR61_2
Change Net Name : Old Net Name=NetR58_1 New Net Name=NetR25_1
Change Net Name : Old Net Name=NetR61_2 New Net Name=NetR28_2
Added Member To Class: ClassName=BLDC_Drive Member=Component C8 (C10) 0.1uF
Added Member To Class: ClassName=BLDC_Drive Member=Component C11 (C12) 0.1uF
Added Member To Class: ClassName=BLDC_Drive Member=Component C26 0.1uF
Added Member To Class: ClassName=BLDC_Drive Member=Component C28 (C1) 0.1uF
Added Member To Class: ClassName=BLDC_Drive Member=Component C30 10nF
Added Member To Class: ClassName=BLDC_Drive Member=Component C31 1uF
Added Member To Class: ClassName=Power Member=Component C36 (C47) 0.1uF
Added Member To Class: ClassName=Power Member=Component C38 (C39) 2.2uF
Added Member To Class: ClassName=Power Member=Component C40 (C41) 22pF
Added Member To Class: ClassName=Power Member=Component C41 (C42) 22nF
Added Member To Class: ClassName=Power Member=Component C43 (C44) 0.1uF
Added Member To Class: ClassName=Power Member=Component C44 (C45) 0.1uF
Added Member To Class: ClassName=Half-Bridge Phase1 Member=Component C45 (C32) 0.1uF
Added Member To Class: ClassName=Half-Bridge Phase2 Member=Component C46 (C32) 0.1uF
Added Member To Class: ClassName=Half-Bridge Phase1 Member=Component D13 (D10) 60V, 1A
Added Member To Class: ClassName=Half-Bridge Phase1 Member=Component D15 (D12) TVS 3.3V
Added Member To Class: ClassName=Half-Bridge Phase2 Member=Component D17 (D11) 60V, 1A
Added Member To Class: ClassName=Half-Bridge Phase3 Member=Component D19 (D10) 60V, 1A
Added Member To Class: ClassName=Half-Bridge Phase3 Member=Component D20 (D11) 60V, 1A
Added Member To Class: ClassName=Half-Bridge Phase3 Member=Component D21 (D12) TVS 3.3V
Added Member To Class: ClassName=BLDC_Drive Member=Component J10 (J6) CWF-4P
Added Member To Class: ClassName=BLDC_Drive Member=Component J11 (J5) CWF-3P
Added Member To Class: ClassName=Power Member=Component R24 (R30) 24k
Added Member To Class: ClassName=Power Member=Component R26 (R32) 1k
Added Member To Class: ClassName=Half-Bridge Phase1 Member=Component R31 (R9) 100R
Added Member To Class: ClassName=Half-Bridge Phase1 Member=Component R33 (R11) 100R
Added Member To Class: ClassName=Half-Bridge Phase1 Member=Component R34 (R12) 100k
Added Member To Class: ClassName=Half-Bridge Phase1 Member=Component R36 (R14) 100k
Added Member To Class: ClassName=Half-Bridge Phase1 Member=Component R38 (R16) 1mR
Added Member To Class: ClassName=Half-Bridge Phase1 Member=Component R39 (R17) 1k
Added Member To Class: ClassName=Half-Bridge Phase1 Member=Component R40 (R18) 100k
Added Member To Class: ClassName=Half-Bridge Phase2 Member=Component R41 (R8) 0R
Added Member To Class: ClassName=Half-Bridge Phase2 Member=Component R43 (R10) 0R
Added Member To Class: ClassName=Half-Bridge Phase2 Member=Component R44 (R11) 100R
Added Member To Class: ClassName=Half-Bridge Phase2 Member=Component R45 (R12) 100k
Added Member To Class: ClassName=Half-Bridge Phase2 Member=Component R46 (R13) 510R
Added Member To Class: ClassName=Half-Bridge Phase2 Member=Component R48 (R15) 1mR
Added Member To Class: ClassName=Half-Bridge Phase2 Member=Component R49 (R16) 1mR
Added Member To Class: ClassName=Half-Bridge Phase2 Member=Component R50 (R17) 1k
Added Member To Class: ClassName=Half-Bridge Phase2 Member=Component R51 (R18) 100k
Added Member To Class: ClassName=Half-Bridge Phase3 Member=Component R53 (R9) 100R
Added Member To Class: ClassName=Half-Bridge Phase3 Member=Component R55 (R11) 100R
Added Member To Class: ClassName=Half-Bridge Phase3 Member=Component R56 (R12) 100k
Added Member To Class: ClassName=Half-Bridge Phase3 Member=Component R58 (R14) 100k
Added Member To Class: ClassName=Half-Bridge Phase3 Member=Component R60 (R16) 1mR
Added Member To Class: ClassName=Half-Bridge Phase3 Member=Component R62 (R18) 100k
Added Member To Class: ClassName=BLDC_Drive Member=Component U3 (U5) OpAmp
Added Member To Class: ClassName=BLDC_Drive Member=Component U4 (U6) RS-485
Added Member To Class: ClassName=Half-Bridge Phase1 Member=Component U7 (U4) OpAmp
Added Member To Class: ClassName=Half-Bridge Phase3 Member=Component U9 (U4) OpAmp
