Added Component: Designator=C1(0603 Capicator)
Add component (AddParameter): Name = "ComponentLink1Description"; Value = "Chip&Dip"; VariantName = "[No Variations]"
Add component (AddParameter): Name = "ComponentLink1URL"; Value = "https://www.chipdip.ru/product/grm188r71c104ka01d"; VariantName = "[No Variations]"
Add component (AddParameter): Name = "Manufacturer"; Value = "Murata Manufacturing"; VariantName = "[No Variations]"
Add component (AddParameter): Name = "Part Number"; Value = "GRM188R71C104KA01D"; VariantName = "[No Variations]"
Add component (AddParameter): Name = "Type"; Value = "Capacitor"; VariantName = "[No Variations]"
Add component (AddParameter): Name = "Voltage"; Value = "16V"; VariantName = "[No Variations]"
Added Component: Designator=J12(Conn4x1)
Add component (AddParameter): Name = "ComponentLink1Description"; Value = "Chip&Dip"; VariantName = "[No Variations]"
Add component (AddParameter): Name = "ComponentLink1URL"; Value = "https://www.chipdip.ru/product/cwf-4r"; VariantName = "[No Variations]"
Add component (AddParameter): Name = "Manufacturer"; Value = "Ningbo connfly electronic (Zhenqin)"; VariantName = "[No Variations]"
Add component (AddParameter): Name = "Part Number"; Value = "DS1069-4MRW6XB"; VariantName = "[No Variations]"
Add component (AddParameter): Name = "Type"; Value = "Connector"; VariantName = "[No Variations]"
Added Pin To Net: NetName=+3.3V Pin=C1-1
Added Pin To Net: NetName=GND Pin=C1-2
Added Pin To Net: NetName=+3.3V Pin=J12-1
Added Pin To Net: NetName=HAL1 Pin=J12-2
Added Pin To Net: NetName=HAL1 Pin=U3-37
Added Net: Name=HAL1
Added Pin To Net: NetName=HAL2 Pin=J12-3
Added Pin To Net: NetName=HAL2 Pin=U3-38
Added Net: Name=HAL2
Added Pin To Net: NetName=HAL3 Pin=J12-4
Added Pin To Net: NetName=HAL3 Pin=U3-39
Added Net: Name=HAL3
Added Member To Class: ClassName=BLDC_Drive Member=Component C1 0.1uF
Added Member To Class: ClassName=BLDC_Drive Member=Component J12 CWF-4P
