Reset Component Physical Designator: Old Designator=B1 New Designator=B1
Reset Component Physical Designator: Old Designator=B2 New Designator=B2
Reset Component Physical Designator: Old Designator=C1 New Designator=C3
Reset Component Physical Designator: Old Designator=C2 New Designator=C4
Reset Component Physical Designator: Old Designator=C3 New Designator=C5
Reset Component Physical Designator: Old Designator=C4 New Designator=C6
Reset Component Physical Designator: Old Designator=C5 New Designator=C7
Reset Component Physical Designator: Old Designator=C6 New Designator=C8
Reset Component Physical Designator: Old Designator=C7 New Designator=C9
Reset Component Physical Designator: Old Designator=C8 New Designator=C10
Reset Component Physical Designator: Old Designator=C9 New Designator=C11
Reset Component Physical Designator: Old Designator=C10 New Designator=C13
Reset Component Physical Designator: Old Designator=C11 New Designator=C12
Reset Component Physical Designator: Old Designator=C12 New Designator=C28
Reset Component Physical Designator: Old Designator=C13 New Designator=C29
Reset Component Physical Designator: Old Designator=C14 New Designator=C14
Reset Component Physical Designator: Old Designator=C15 New Designator=C15
Reset Component Physical Designator: Old Designator=C16 New Designator=C16
Reset Component Physical Designator: Old Designator=C17 New Designator=C17
Reset Component Physical Designator: Old Designator=C18 New Designator=C18
Reset Component Physical Designator: Old Designator=C19 New Designator=C19
Reset Component Physical Designator: Old Designator=C20 New Designator=C20
Reset Component Physical Designator: Old Designator=C21 New Designator=C21
Reset Component Physical Designator: Old Designator=C22 New Designator=C22
Reset Component Physical Designator: Old Designator=C23 New Designator=C23
Reset Component Physical Designator: Old Designator=C24 New Designator=C24
Reset Component Physical Designator: Old Designator=C25 New Designator=C25
Reset Component Physical Designator: Old Designator=C26 New Designator=C26
Reset Component Physical Designator: Old Designator=C27 New Designator=C27
Reset Component Physical Designator: Old Designator=C28 New Designator=C1
Reset Component Physical Designator: Old Designator=C29 New Designator=C33
Reset Component Physical Designator: Old Designator=C30 New Designator=C30
Reset Component Physical Designator: Old Designator=C31 New Designator=C31
Reset Component Physical Designator: Old Designator=C32 New Designator=C34
Reset Component Physical Designator: Old Designator=C33 New Designator=C35
Reset Component Physical Designator: Old Designator=C34 New Designator=C37
Reset Component Physical Designator: Old Designator=C35 New Designator=C46
Reset Component Physical Designator: Old Designator=C36 New Designator=C47
Reset Component Physical Designator: Old Designator=C37 New Designator=C38
Reset Component Physical Designator: Old Designator=C38 New Designator=C39
Reset Component Physical Designator: Old Designator=C39 New Designator=C40
Reset Component Physical Designator: Old Designator=C40 New Designator=C41
Reset Component Physical Designator: Old Designator=C41 New Designator=C42
Reset Component Physical Designator: Old Designator=C42 New Designator=C43
Reset Component Physical Designator: Old Designator=C43 New Designator=C44
Reset Component Physical Designator: Old Designator=C44 New Designator=C45
Reset Component Physical Designator: Old Designator=C45 New Designator=C32_Half-Bridge Phase1
Reset Component Physical Designator: Old Designator=C46 New Designator=C32_Half-Bridge Phase2
Reset Component Physical Designator: Old Designator=C47 New Designator=C32_Half-Bridge Phase3
Reset Component Physical Designator: Old Designator=D1 New Designator=D1
Reset Component Physical Designator: Old Designator=D2 New Designator=D2
Reset Component Physical Designator: Old Designator=D3 New Designator=D3
Reset Component Physical Designator: Old Designator=D4 New Designator=D4
Reset Component Physical Designator: Old Designator=D5 New Designator=D5
Reset Component Physical Designator: Old Designator=D6 New Designator=D6
Reset Component Physical Designator: Old Designator=D7 New Designator=D7
Reset Component Physical Designator: Old Designator=D8 New Designator=D8
Reset Component Physical Designator: Old Designator=D9 New Designator=D9
Reset Component Physical Designator: Old Designator=D10 New Designator=D13
Reset Component Physical Designator: Old Designator=D11 New Designator=D15
Reset Component Physical Designator: Old Designator=D12 New Designator=D14
Reset Component Physical Designator: Old Designator=D13 New Designator=D10_Half-Bridge Phase1
Reset Component Physical Designator: Old Designator=D14 New Designator=D11_Half-Bridge Phase1
Reset Component Physical Designator: Old Designator=D15 New Designator=D12_Half-Bridge Phase1
Reset Component Physical Designator: Old Designator=D16 New Designator=D10_Half-Bridge Phase2
Reset Component Physical Designator: Old Designator=D17 New Designator=D11_Half-Bridge Phase2
Reset Component Physical Designator: Old Designator=D18 New Designator=D12_Half-Bridge Phase2
Reset Component Physical Designator: Old Designator=D19 New Designator=D10_Half-Bridge Phase3
Reset Component Physical Designator: Old Designator=D20 New Designator=D11_Half-Bridge Phase3
Reset Component Physical Designator: Old Designator=D21 New Designator=D12_Half-Bridge Phase3
Reset Component Physical Designator: Old Designator=FU1 New Designator=FU1
Reset Component Physical Designator: Old Designator=J1 New Designator=J1
Reset Component Physical Designator: Old Designator=J2 New Designator=J8
Reset Component Physical Designator: Old Designator=J3 New Designator=J2
Reset Component Physical Designator: Old Designator=J4 New Designator=J9
Reset Component Physical Designator: Old Designator=J5 New Designator=J10
Reset Component Physical Designator: Old Designator=J6 New Designator=J11
Reset Component Physical Designator: Old Designator=J7 New Designator=J3
Reset Component Physical Designator: Old Designator=J8 New Designator=J4
Reset Component Physical Designator: Old Designator=J9 New Designator=J12
Reset Component Physical Designator: Old Designator=J10 New Designator=J6
Reset Component Physical Designator: Old Designator=J11 New Designator=J5
Reset Component Physical Designator: Old Designator=J12 New Designator=J7
Reset Component Physical Designator: Old Designator=L1 New Designator=L1
Reset Component Physical Designator: Old Designator=L2 New Designator=L2
Reset Component Physical Designator: Old Designator=Q1 New Designator=Q3
Reset Component Physical Designator: Old Designator=Q2 New Designator=Q4
Reset Component Physical Designator: Old Designator=Q3 New Designator=Q1_Half-Bridge Phase1
Reset Component Physical Designator: Old Designator=Q4 New Designator=Q2_Half-Bridge Phase1
Reset Component Physical Designator: Old Designator=Q5 New Designator=Q1_Half-Bridge Phase2
Reset Component Physical Designator: Old Designator=Q6 New Designator=Q2_Half-Bridge Phase2
Reset Component Physical Designator: Old Designator=Q7 New Designator=Q1_Half-Bridge Phase3
Reset Component Physical Designator: Old Designator=Q8 New Designator=Q2_Half-Bridge Phase3
Reset Component Physical Designator: Old Designator=R1 New Designator=R1
Reset Component Physical Designator: Old Designator=R2 New Designator=R2
Reset Component Physical Designator: Old Designator=R3 New Designator=R3
Reset Component Physical Designator: Old Designator=R4 New Designator=R4
Reset Component Physical Designator: Old Designator=R5 New Designator=R5
Reset Component Physical Designator: Old Designator=R6 New Designator=R6
Reset Component Physical Designator: Old Designator=R7 New Designator=R7
Reset Component Physical Designator: Old Designator=R8 New Designator=R20
Reset Component Physical Designator: Old Designator=R9 New Designator=R26
Reset Component Physical Designator: Old Designator=R10 New Designator=R27
Reset Component Physical Designator: Old Designator=R11 New Designator=R21
Reset Component Physical Designator: Old Designator=R12 New Designator=R22
Reset Component Physical Designator: Old Designator=R13 New Designator=R23
Reset Component Physical Designator: Old Designator=R14 New Designator=R19
Reset Component Physical Designator: Old Designator=R15 New Designator=R36
Reset Component Physical Designator: Old Designator=R16 New Designator=R28
Reset Component Physical Designator: Old Designator=R17 New Designator=R29
Reset Component Physical Designator: Old Designator=R18 New Designator=R37
Reset Component Physical Designator: Old Designator=R19 New Designator=R24
Reset Component Physical Designator: Old Designator=R20 New Designator=R25
Reset Component Physical Designator: Old Designator=R21 New Designator=R38
Reset Component Physical Designator: Old Designator=R22 New Designator=R39
Reset Component Physical Designator: Old Designator=R23 New Designator=R40
Reset Component Physical Designator: Old Designator=R24 New Designator=R30
Reset Component Physical Designator: Old Designator=R25 New Designator=R31
Reset Component Physical Designator: Old Designator=R26 New Designator=R32
Reset Component Physical Designator: Old Designator=R27 New Designator=R33
Reset Component Physical Designator: Old Designator=R28 New Designator=R34
Reset Component Physical Designator: Old Designator=R29 New Designator=R35
Reset Component Physical Designator: Old Designator=R30 New Designator=R8_Half-Bridge Phase1
Reset Component Physical Designator: Old Designator=R31 New Designator=R9_Half-Bridge Phase1
Reset Component Physical Designator: Old Designator=R32 New Designator=R10_Half-Bridge Phase1
Reset Component Physical Designator: Old Designator=R33 New Designator=R11_Half-Bridge Phase1
Reset Component Physical Designator: Old Designator=R34 New Designator=R12_Half-Bridge Phase1
Reset Component Physical Designator: Old Designator=R35 New Designator=R13_Half-Bridge Phase1
Reset Component Physical Designator: Old Designator=R36 New Designator=R14_Half-Bridge Phase1
Reset Component Physical Designator: Old Designator=R37 New Designator=R15_Half-Bridge Phase1
Reset Component Physical Designator: Old Designator=R38 New Designator=R16_Half-Bridge Phase1
Reset Component Physical Designator: Old Designator=R39 New Designator=R17_Half-Bridge Phase1
Reset Component Physical Designator: Old Designator=R40 New Designator=R18_Half-Bridge Phase1
Reset Component Physical Designator: Old Designator=R41 New Designator=R8_Half-Bridge Phase2
Reset Component Physical Designator: Old Designator=R42 New Designator=R9_Half-Bridge Phase2
Reset Component Physical Designator: Old Designator=R43 New Designator=R10_Half-Bridge Phase2
Reset Component Physical Designator: Old Designator=R44 New Designator=R11_Half-Bridge Phase2
Reset Component Physical Designator: Old Designator=R45 New Designator=R12_Half-Bridge Phase2
Reset Component Physical Designator: Old Designator=R46 New Designator=R13_Half-Bridge Phase2
Reset Component Physical Designator: Old Designator=R47 New Designator=R14_Half-Bridge Phase2
Reset Component Physical Designator: Old Designator=R48 New Designator=R15_Half-Bridge Phase2
Reset Component Physical Designator: Old Designator=R49 New Designator=R16_Half-Bridge Phase2
Reset Component Physical Designator: Old Designator=R50 New Designator=R17_Half-Bridge Phase2
Reset Component Physical Designator: Old Designator=R51 New Designator=R18_Half-Bridge Phase2
Reset Component Physical Designator: Old Designator=R52 New Designator=R8_Half-Bridge Phase3
Reset Component Physical Designator: Old Designator=R53 New Designator=R9_Half-Bridge Phase3
Reset Component Physical Designator: Old Designator=R54 New Designator=R10_Half-Bridge Phase3
Reset Component Physical Designator: Old Designator=R55 New Designator=R11_Half-Bridge Phase3
Reset Component Physical Designator: Old Designator=R56 New Designator=R12_Half-Bridge Phase3
Reset Component Physical Designator: Old Designator=R57 New Designator=R13_Half-Bridge Phase3
Reset Component Physical Designator: Old Designator=R58 New Designator=R14_Half-Bridge Phase3
Reset Component Physical Designator: Old Designator=R59 New Designator=R15_Half-Bridge Phase3
Reset Component Physical Designator: Old Designator=R60 New Designator=R16_Half-Bridge Phase3
Reset Component Physical Designator: Old Designator=R61 New Designator=R17_Half-Bridge Phase3
Reset Component Physical Designator: Old Designator=R62 New Designator=R18_Half-Bridge Phase3
Reset Component Physical Designator: Old Designator=SB1 New Designator=SB1
Reset Component Physical Designator: Old Designator=TP1 New Designator=TP1_Half-Bridge Phase1
Reset Component Physical Designator: Old Designator=TP2 New Designator=TP2_Half-Bridge Phase1
Reset Component Physical Designator: Old Designator=TP3 New Designator=TP1_Half-Bridge Phase2
Reset Component Physical Designator: Old Designator=TP4 New Designator=TP2_Half-Bridge Phase2
Reset Component Physical Designator: Old Designator=TP5 New Designator=TP1_Half-Bridge Phase3
Reset Component Physical Designator: Old Designator=TP6 New Designator=TP2_Half-Bridge Phase3
Reset Component Physical Designator: Old Designator=U1 New Designator=U2
Reset Component Physical Designator: Old Designator=U2 New Designator=U3
Reset Component Physical Designator: Old Designator=U3 New Designator=U5
Reset Component Physical Designator: Old Designator=U4 New Designator=U6
Reset Component Physical Designator: Old Designator=U5 New Designator=U8
Reset Component Physical Designator: Old Designator=U6 New Designator=U7
Reset Component Physical Designator: Old Designator=U7 New Designator=U4_Half-Bridge Phase1
Reset Component Physical Designator: Old Designator=U8 New Designator=U4_Half-Bridge Phase2
Reset Component Physical Designator: Old Designator=U9 New Designator=U4_Half-Bridge Phase3
Reset Component Physical Designator: Old Designator=Y1 New Designator=Y1
