Change Physical Footprint: Designator=1 Old Footprint=HSOP-8 New Footprint=HSOP-8
Change Physical Footprint: Designator=B1 Old Footprint=BUTTON 6x3.5 New Footprint=BUTTON 6x3.5
Change Physical Footprint: Designator=B2 Old Footprint=BUTTON 6x3.5 New Footprint=BUTTON 6x3.5
Change Physical Footprint: Designator=C1 Old Footprint=0603 Capicator New Footprint=0603 Capicator
Change Physical Footprint: Designator=C2 Old Footprint=0603 Capicator New Footprint=0603 Capicator
Change Physical Footprint: Designator=C3 Old Footprint=ECAP 16x25mm New Footprint=ECAP 16x25mm
Change Physical Footprint: Designator=C4 Old Footprint=ECAP 16x25mm New Footprint=ECAP 16x25mm
Change Physical Footprint: Designator=C5 Old Footprint=ECAP 16x25mm New Footprint=ECAP 16x25mm
Change Physical Footprint: Designator=C6 Old Footprint=ECAP 16x25mm New Footprint=ECAP 16x25mm
Change Physical Footprint: Designator=C7 Old Footprint=1206 Capacitor New Footprint=1206 Capacitor
Change Physical Footprint: Designator=C8 Old Footprint=1206 Capacitor New Footprint=1206 Capacitor
Change Physical Footprint: Designator=C9 Old Footprint=1206 Capacitor New Footprint=1206 Capacitor
Change Physical Footprint: Designator=C10 Old Footprint=1206 Capacitor New Footprint=1206 Capacitor
Change Physical Footprint: Designator=C11 Old Footprint=0603 Capicator New Footprint=0603 Capicator
Change Physical Footprint: Designator=C12 Old Footprint=0603 Capicator New Footprint=0603 Capicator
Change Physical Footprint: Designator=C13 Old Footprint=1206 Capacitor New Footprint=1206 Capacitor
Change Physical Footprint: Designator=C14 Old Footprint=0603 Capicator New Footprint=0603 Capicator
Change Physical Footprint: Designator=C15 Old Footprint=0603 Capicator New Footprint=0603 Capicator
Change Physical Footprint: Designator=C16 Old Footprint=0603 Capicator New Footprint=0603 Capicator
Change Physical Footprint: Designator=C17 Old Footprint=0603 Capicator New Footprint=0603 Capicator
Change Physical Footprint: Designator=C18 Old Footprint=0603 Capicator New Footprint=0603 Capicator
Change Physical Footprint: Designator=C19 Old Footprint=0603 Capicator New Footprint=0603 Capicator
Change Physical Footprint: Designator=C20 Old Footprint=0603 Capicator New Footprint=0603 Capicator
Change Physical Footprint: Designator=C21 Old Footprint=0603 Capicator New Footprint=0603 Capicator
Change Physical Footprint: Designator=C22 Old Footprint=0603 Capicator New Footprint=0603 Capicator
Change Physical Footprint: Designator=C23 Old Footprint=0603 Capicator New Footprint=0603 Capicator
Change Physical Footprint: Designator=C24 Old Footprint=0603 Capicator New Footprint=0603 Capicator
Change Physical Footprint: Designator=C25 Old Footprint=0603 Capicator New Footprint=0603 Capicator
Change Physical Footprint: Designator=C26 Old Footprint=0603 Capicator New Footprint=0603 Capicator
Change Physical Footprint: Designator=C27 Old Footprint=0603 Capicator New Footprint=0603 Capicator
Change Physical Footprint: Designator=C28 Old Footprint=0603 Capicator New Footprint=0603 Capicator
Change Physical Footprint: Designator=C29 Old Footprint=0603 Capicator New Footprint=0603 Capicator
Change Physical Footprint: Designator=C30 Old Footprint=0603 Capicator New Footprint=0603 Capicator
Change Physical Footprint: Designator=C31 Old Footprint=0603 Capicator New Footprint=0603 Capicator
Change Physical Footprint: Designator=C32 Old Footprint=0603 Capicator New Footprint=0603 Capicator
Change Physical Footprint: Designator=C33 Old Footprint=0603 Capicator New Footprint=0603 Capicator
Change Physical Footprint: Designator=C34 Old Footprint=0603 Capicator New Footprint=0603 Capicator
Change Physical Footprint: Designator=C35 Old Footprint=0603 Capicator New Footprint=0603 Capicator
Change Physical Footprint: Designator=C36 Old Footprint=0603 Capicator New Footprint=0603 Capicator
Change Physical Footprint: Designator=C37 Old Footprint=Bar Cap 6.3x7.7 New Footprint=Bar Cap 6.3x7.7
Change Physical Footprint: Designator=C38 Old Footprint=Bar Cap 6.3x7.7 New Footprint=Bar Cap 6.3x7.7
Change Physical Footprint: Designator=C39 Old Footprint=1206 Capacitor New Footprint=1206 Capacitor
Change Physical Footprint: Designator=C40 Old Footprint=1206 Capacitor New Footprint=1206 Capacitor
Change Physical Footprint: Designator=C41 Old Footprint=1206 Capacitor New Footprint=1206 Capacitor
Change Physical Footprint: Designator=C42 Old Footprint=1206 Capacitor New Footprint=1206 Capacitor
Change Physical Footprint: Designator=C43 Old Footprint=1206 Capacitor New Footprint=1206 Capacitor
Change Physical Footprint: Designator=C44 Old Footprint=1206 Capacitor New Footprint=1206 Capacitor
Change Physical Footprint: Designator=C45 Old Footprint=0603 Capicator New Footprint=0603 Capicator
Change Physical Footprint: Designator=C46 Old Footprint=0603 Capicator New Footprint=0603 Capicator
Change Physical Footprint: Designator=C47 Old Footprint=0805 Capicator New Footprint=0805 Capicator
Change Physical Footprint: Designator=C48 Old Footprint=0603 Capicator New Footprint=0603 Capicator
Change Physical Footprint: Designator=C49 Old Footprint=0603 Capicator New Footprint=0603 Capicator
Change Physical Footprint: Designator=D1 Old Footprint=SOD-123FL New Footprint=SOD-123FL
Change Physical Footprint: Designator=D2 Old Footprint=SOD-123FL New Footprint=SOD-123FL
Change Physical Footprint: Designator=D3 Old Footprint=SMB New Footprint=SMB
Change Physical Footprint: Designator=D4 Old Footprint=SOD-123FL New Footprint=SOD-123FL
Change Physical Footprint: Designator=D5 Old Footprint=DO-216AA New Footprint=DO-216AA
Change Physical Footprint: Designator=D6 Old Footprint=SOD-523 New Footprint=SOD-523
Change Physical Footprint: Designator=D7 Old Footprint=0805 LED New Footprint=0805 LED
Change Physical Footprint: Designator=D8 Old Footprint=0805 LED New Footprint=0805 LED
Change Physical Footprint: Designator=D9 Old Footprint=0805 LED New Footprint=0805 LED
Change Physical Footprint: Designator=D10 Old Footprint=SOD-123FL New Footprint=SOD-123FL
Change Physical Footprint: Designator=D11 Old Footprint=SOD-123FL New Footprint=SOD-123FL
Change Physical Footprint: Designator=D12 Old Footprint=DO-216AA New Footprint=DO-216AA
Change Physical Footprint: Designator=D13 Old Footprint=SOD-123FL New Footprint=SOD-123FL
Change Physical Footprint: Designator=D14 Old Footprint=SOD-123FL New Footprint=SOD-123FL
Change Physical Footprint: Designator=D15 Old Footprint=DO-216AA New Footprint=DO-216AA
Change Physical Footprint: Designator=D16 Old Footprint=SOD-123FL New Footprint=SOD-123FL
Change Physical Footprint: Designator=D17 Old Footprint=SOD-123FL New Footprint=SOD-123FL
Change Physical Footprint: Designator=D18 Old Footprint=DO-216AA New Footprint=DO-216AA
Change Physical Footprint: Designator=D19 Old Footprint=SMA New Footprint=SMA
Change Physical Footprint: Designator=D20 Old Footprint=SOD-123FL New Footprint=SOD-123FL
Change Physical Footprint: Designator=D21 Old Footprint=SMB New Footprint=SMB
Change Physical Footprint: Designator=FU1 Old Footprint=1812 Fuse New Footprint=1812 Fuse
Change Physical Footprint: Designator=J1 Old Footprint=Cable25 New Footprint=Cable25
Change Physical Footprint: Designator=J2 Old Footprint=Cable25 New Footprint=Cable25
Change Physical Footprint: Designator=J3 Old Footprint=PLS 5x1 New Footprint=PLS 5x1
Change Physical Footprint: Designator=J4 Old Footprint=Cable25 New Footprint=Cable25
Change Physical Footprint: Designator=J5 Old Footprint=Cable25 New Footprint=Cable25
Change Physical Footprint: Designator=J6 Old Footprint=Cable25 New Footprint=Cable25
Change Physical Footprint: Designator=J7 Old Footprint=Conn6x1 New Footprint=Conn6x1
Change Physical Footprint: Designator=J8 Old Footprint=HEADER 2 XT30PW Male New Footprint=HEADER 2 XT30PW Male
Change Physical Footprint: Designator=J9 Old Footprint=Conn4x1 New Footprint=Conn4x1
Change Physical Footprint: Designator=J10 Old Footprint=Conn3x1 New Footprint=Conn3x1
Change Physical Footprint: Designator=J11 Old Footprint=DB9 New Footprint=DB9
Change Physical Footprint: Designator=L1 Old Footprint=0603 Inductor New Footprint=0603 Inductor
Change Physical Footprint: Designator=L2 Old Footprint=Inductor 6.9x6.5 New Footprint=Inductor 6.9x6.5
Change Physical Footprint: Designator=Q1 Old Footprint=D2-PAK (TO-262) New Footprint=D2-PAK (TO-262)
Change Physical Footprint: Designator=Q2 Old Footprint=SOT-23 New Footprint=SOT-23
Change Physical Footprint: Designator=Q3 Old Footprint=D2-PAK (TO-262) New Footprint=D2-PAK (TO-262)
Change Physical Footprint: Designator=Q4 Old Footprint=D2-PAK (TO-262) New Footprint=D2-PAK (TO-262)
Change Physical Footprint: Designator=Q5 Old Footprint=D2-PAK (TO-262) New Footprint=D2-PAK (TO-262)
Change Physical Footprint: Designator=Q6 Old Footprint=D2-PAK (TO-262) New Footprint=D2-PAK (TO-262)
Change Physical Footprint: Designator=Q7 Old Footprint=D2-PAK (TO-262) New Footprint=D2-PAK (TO-262)
Change Physical Footprint: Designator=Q8 Old Footprint=D2-PAK (TO-262) New Footprint=D2-PAK (TO-262)
Change Physical Footprint: Designator=R1 Old Footprint=0603 Resistor New Footprint=0603 Resistor
Change Physical Footprint: Designator=R2 Old Footprint=0603 Resistor New Footprint=0603 Resistor
Change Physical Footprint: Designator=R3 Old Footprint=0603 Resistor New Footprint=0603 Resistor
Change Physical Footprint: Designator=R4 Old Footprint=0603 Resistor New Footprint=0603 Resistor
Change Physical Footprint: Designator=R5 Old Footprint=0603 Resistor New Footprint=0603 Resistor
Change Physical Footprint: Designator=R6 Old Footprint=0603 Resistor New Footprint=0603 Resistor
Change Physical Footprint: Designator=R7 Old Footprint=0603 Resistor New Footprint=0603 Resistor
Change Physical Footprint: Designator=R8 Old Footprint=0603 Resistor New Footprint=0603 Resistor
Change Physical Footprint: Designator=R9 Old Footprint=0603 Resistor New Footprint=0603 Resistor
Change Physical Footprint: Designator=R10 Old Footprint=0603 Resistor New Footprint=0603 Resistor
Change Physical Footprint: Designator=R11 Old Footprint=0603 Resistor New Footprint=0603 Resistor
Change Physical Footprint: Designator=R12 Old Footprint=2512 Resistor New Footprint=2512 Resistor
Change Physical Footprint: Designator=R13 Old Footprint=2512 Resistor New Footprint=2512 Resistor
Change Physical Footprint: Designator=R14 Old Footprint=0603 Resistor New Footprint=0603 Resistor
Change Physical Footprint: Designator=R15 Old Footprint=0603 Resistor New Footprint=0603 Resistor
Change Physical Footprint: Designator=R16 Old Footprint=0603 Resistor New Footprint=0603 Resistor
Change Physical Footprint: Designator=R17 Old Footprint=0603 Resistor New Footprint=0603 Resistor
Change Physical Footprint: Designator=R18 Old Footprint=0603 Resistor New Footprint=0603 Resistor
Change Physical Footprint: Designator=R19 Old Footprint=2512 Resistor New Footprint=2512 Resistor
Change Physical Footprint: Designator=R20 Old Footprint=2512 Resistor New Footprint=2512 Resistor
Change Physical Footprint: Designator=R21 Old Footprint=0603 Resistor New Footprint=0603 Resistor
Change Physical Footprint: Designator=R22 Old Footprint=0603 Resistor New Footprint=0603 Resistor
Change Physical Footprint: Designator=R23 Old Footprint=0603 Resistor New Footprint=0603 Resistor
Change Physical Footprint: Designator=R24 Old Footprint=0603 Resistor New Footprint=0603 Resistor
Change Physical Footprint: Designator=R25 Old Footprint=0603 Resistor New Footprint=0603 Resistor
Change Physical Footprint: Designator=R26 Old Footprint=0603 Resistor New Footprint=0603 Resistor
Change Physical Footprint: Designator=R27 Old Footprint=0603 Resistor New Footprint=0603 Resistor
Change Physical Footprint: Designator=R28 Old Footprint=0603 Resistor New Footprint=0603 Resistor
Change Physical Footprint: Designator=R29 Old Footprint=0603 Resistor New Footprint=0603 Resistor
Change Physical Footprint: Designator=R30 Old Footprint=0603 Resistor New Footprint=0603 Resistor
Change Physical Footprint: Designator=R31 Old Footprint=2512 Resistor New Footprint=2512 Resistor
Change Physical Footprint: Designator=R32 Old Footprint=2512 Resistor New Footprint=2512 Resistor
Change Physical Footprint: Designator=R33 Old Footprint=0603 Resistor New Footprint=0603 Resistor
Change Physical Footprint: Designator=R34 Old Footprint=0603 Resistor New Footprint=0603 Resistor
Change Physical Footprint: Designator=R35 Old Footprint=0603 Resistor New Footprint=0603 Resistor
Change Physical Footprint: Designator=R36 Old Footprint=0603 Resistor New Footprint=0603 Resistor
Change Physical Footprint: Designator=R37 Old Footprint=0603 Resistor New Footprint=0603 Resistor
Change Physical Footprint: Designator=R38 Old Footprint=0603 Resistor New Footprint=0603 Resistor
Change Physical Footprint: Designator=R39 Old Footprint=0603 Resistor New Footprint=0603 Resistor
Change Physical Footprint: Designator=R40 Old Footprint=0603 Resistor New Footprint=0603 Resistor
Change Physical Footprint: Designator=R41 Old Footprint=0603 Resistor New Footprint=0603 Resistor
Change Physical Footprint: Designator=R42 Old Footprint=2512 Resistor New Footprint=2512 Resistor
Change Physical Footprint: Designator=R43 Old Footprint=2512 Resistor New Footprint=2512 Resistor
Change Physical Footprint: Designator=R44 Old Footprint=0603 Resistor New Footprint=0603 Resistor
Change Physical Footprint: Designator=R45 Old Footprint=0603 Resistor New Footprint=0603 Resistor
Change Physical Footprint: Designator=R46 Old Footprint=0603 Resistor New Footprint=0603 Resistor
Change Physical Footprint: Designator=R47 Old Footprint=0603 Resistor New Footprint=0603 Resistor
Change Physical Footprint: Designator=R48 Old Footprint=0603 Resistor New Footprint=0603 Resistor
Change Physical Footprint: Designator=R49 Old Footprint=0603 Resistor New Footprint=0603 Resistor
Change Physical Footprint: Designator=R50 Old Footprint=0603 Resistor New Footprint=0603 Resistor
Change Physical Footprint: Designator=R51 Old Footprint=0603 Resistor New Footprint=0603 Resistor
Change Physical Footprint: Designator=R52 Old Footprint=0603 Resistor New Footprint=0603 Resistor
Change Physical Footprint: Designator=R53 Old Footprint=2512 Resistor New Footprint=2512 Resistor
Change Physical Footprint: Designator=R54 Old Footprint=2512 Resistor New Footprint=2512 Resistor
Change Physical Footprint: Designator=R55 Old Footprint=0603 Resistor New Footprint=0603 Resistor
Change Physical Footprint: Designator=R56 Old Footprint=0603 Resistor New Footprint=0603 Resistor
Change Physical Footprint: Designator=R57 Old Footprint=0603 Resistor New Footprint=0603 Resistor
Change Physical Footprint: Designator=R58 Old Footprint=0603 Resistor New Footprint=0603 Resistor
Change Physical Footprint: Designator=R59 Old Footprint=0603 Resistor New Footprint=0603 Resistor
Change Physical Footprint: Designator=R60 Old Footprint=0603 Resistor New Footprint=0603 Resistor
Change Physical Footprint: Designator=R61 Old Footprint=0603 Resistor New Footprint=0603 Resistor
Change Physical Footprint: Designator=R62 Old Footprint=0603 Resistor New Footprint=0603 Resistor
Change Physical Footprint: Designator=SB1 Old Footprint=SB 0603 New Footprint=SB 0603
Change Physical Footprint: Designator=U1 Old Footprint=SOIC-8 New Footprint=SOIC-8
Change Physical Footprint: Designator=U2 Old Footprint=SOIC-28 Wide New Footprint=SOIC-28 Wide
Change Physical Footprint: Designator=U3 Old Footprint=LQFP64 New Footprint=LQFP64
Change Physical Footprint: Designator=U4 Old Footprint=SOT-23-5 New Footprint=SOT-23-5
Change Physical Footprint: Designator=U5 Old Footprint=SOIC-8 New Footprint=SOIC-8
Change Physical Footprint: Designator=U6 Old Footprint=SOT-23-5 New Footprint=SOT-23-5
Change Physical Footprint: Designator=U7 Old Footprint=SOT-23-5 New Footprint=SOT-23-5
Change Physical Footprint: Designator=U8 Old Footprint=SOT-23-5 New Footprint=SOT-23-5
Change Physical Footprint: Designator=U9 Old Footprint=SOIC-8 New Footprint=SOIC-8
Change Physical Footprint: Designator=Y1 Old Footprint=hc-49sm New Footprint=hc-49sm
