Removed Pin From Net: NetName=SPI1_CS Pin=P1-2
Removed Pin From Net: NetName=SPI1_SCK Pin=P1-3
Removed Pin From Net: NetName=SPI1_MISO Pin=P1-4
Removed Pin From Net: NetName=SPI1_MOSI Pin=P1-5
Removed Pin From Net: NetName=GND Pin=P1-6
Change Component Footprint: Designator=P1 Old Footprint=PLS 6x1 New Footprint=HDR1X2
Change Component Comment : Designator=P1 Old Comment=Conn 6 (PLS) New Comment=Header 2
Change component parameters: Designator = "P1" ("P1"); Footprint = "PLS 6x1"; UniqueID = "\UYCIQNLU" ("\UYCIQNLU")
Change component parameters (AddParameter): Name = "LatestRevisionDate"; Value = "17-Jul-2002"; VariantName = "[No Variations]"
Change component parameters (AddParameter): Name = "LatestRevisionNote"; Value = "Re-released for DXP Platform."; VariantName = "[No Variations]"
Change component parameters (AddParameter): Name = "Publisher"; Value = "Altium Limited"; VariantName = "[No Variations]"
Added Component: Designator=P2(HDR1X4)
Add component (AddParameter): Name = "LatestRevisionDate"; Value = "17-Jul-2002"; VariantName = "[No Variations]"
Add component (AddParameter): Name = "LatestRevisionNote"; Value = "Re-released for DXP Platform."; VariantName = "[No Variations]"
Add component (AddParameter): Name = "Publisher"; Value = "Altium Limited"; VariantName = "[No Variations]"
Added Pin To Net: NetName=GND Pin=P1-2
Added Pin To Net: NetName=SPI1_CS Pin=P2-1
Added Pin To Net: NetName=SPI1_SCK Pin=P2-2
Added Pin To Net: NetName=SPI1_MISO Pin=P2-3
Added Pin To Net: NetName=SPI1_MOSI Pin=P2-4
Added Member To Class: ClassName=Encoder Member=Component P2 Header 4
