Reset Component Physical Designator: Old Designator=C32 New Designator=C32_Half-Bridge Phase1
Reset Component Physical Designator: Old Designator=C33 New Designator=C32_Half-Bridge Phase2
Reset Component Physical Designator: Old Designator=C34 New Designator=C32_Half-Bridge Phase3
Change Component Physical Designator: Old Designator=C35 New Designator=C32
Change Component Physical Designator: Old Designator=C36 New Designator=C33
Change Component Physical Designator: Old Designator=C37 New Designator=C34
Change Component Physical Designator: Old Designator=C38 New Designator=C35
Change Component Physical Designator: Old Designator=C39 New Designator=C36
Change Component Physical Designator: Old Designator=C40 New Designator=C37
Change Component Physical Designator: Old Designator=C41 New Designator=C38
Change Component Physical Designator: Old Designator=C42 New Designator=C39
Change Component Physical Designator: Old Designator=C43 New Designator=C40
Change Component Physical Designator: Old Designator=C44 New Designator=C41
Change Component Physical Designator: Old Designator=C45 New Designator=C42
Change Component Physical Designator: Old Designator=C46 New Designator=C43
Change Component Physical Designator: Old Designator=C47 New Designator=C44
Reset Component Physical Designator: Old Designator=D10 New Designator=D10_Half-Bridge Phase1
Reset Component Physical Designator: Old Designator=D11 New Designator=D11_Half-Bridge Phase1
Reset Component Physical Designator: Old Designator=D12 New Designator=D12_Half-Bridge Phase1
Reset Component Physical Designator: Old Designator=D13 New Designator=D10_Half-Bridge Phase2
Reset Component Physical Designator: Old Designator=D14 New Designator=D11_Half-Bridge Phase2
Reset Component Physical Designator: Old Designator=D15 New Designator=D12_Half-Bridge Phase2
Reset Component Physical Designator: Old Designator=D16 New Designator=D10_Half-Bridge Phase3
Reset Component Physical Designator: Old Designator=D17 New Designator=D11_Half-Bridge Phase3
Reset Component Physical Designator: Old Designator=D18 New Designator=D12_Half-Bridge Phase3
Change Component Physical Designator: Old Designator=D19 New Designator=D10
Change Component Physical Designator: Old Designator=D20 New Designator=D11
Change Component Physical Designator: Old Designator=D21 New Designator=D12
Reset Component Physical Designator: Old Designator=Q3 New Designator=Q1_Half-Bridge Phase1
Reset Component Physical Designator: Old Designator=Q4 New Designator=Q2_Half-Bridge Phase1
Reset Component Physical Designator: Old Designator=Q5 New Designator=Q1_Half-Bridge Phase2
Reset Component Physical Designator: Old Designator=Q6 New Designator=Q2_Half-Bridge Phase2
Reset Component Physical Designator: Old Designator=Q7 New Designator=Q1_Half-Bridge Phase3
Reset Component Physical Designator: Old Designator=Q8 New Designator=Q2_Half-Bridge Phase3
Reset Component Physical Designator: Old Designator=R24 New Designator=R8_Half-Bridge Phase1
Reset Component Physical Designator: Old Designator=R25 New Designator=R9_Half-Bridge Phase1
Reset Component Physical Designator: Old Designator=R26 New Designator=R10_Half-Bridge Phase1
Reset Component Physical Designator: Old Designator=R27 New Designator=R11_Half-Bridge Phase1
Reset Component Physical Designator: Old Designator=R28 New Designator=R12_Half-Bridge Phase1
Reset Component Physical Designator: Old Designator=R29 New Designator=R13_Half-Bridge Phase1
Reset Component Physical Designator: Old Designator=R30 New Designator=R14_Half-Bridge Phase1
Reset Component Physical Designator: Old Designator=R31 New Designator=R15_Half-Bridge Phase1
Reset Component Physical Designator: Old Designator=R32 New Designator=R16_Half-Bridge Phase1
Reset Component Physical Designator: Old Designator=R33 New Designator=R17_Half-Bridge Phase1
Reset Component Physical Designator: Old Designator=R34 New Designator=R18_Half-Bridge Phase1
Reset Component Physical Designator: Old Designator=R35 New Designator=R8_Half-Bridge Phase2
Reset Component Physical Designator: Old Designator=R36 New Designator=R9_Half-Bridge Phase2
Reset Component Physical Designator: Old Designator=R37 New Designator=R10_Half-Bridge Phase2
Reset Component Physical Designator: Old Designator=R38 New Designator=R11_Half-Bridge Phase2
Reset Component Physical Designator: Old Designator=R39 New Designator=R12_Half-Bridge Phase2
Reset Component Physical Designator: Old Designator=R40 New Designator=R13_Half-Bridge Phase2
Reset Component Physical Designator: Old Designator=R41 New Designator=R14_Half-Bridge Phase2
Reset Component Physical Designator: Old Designator=R42 New Designator=R15_Half-Bridge Phase2
Reset Component Physical Designator: Old Designator=R43 New Designator=R16_Half-Bridge Phase2
Reset Component Physical Designator: Old Designator=R44 New Designator=R17_Half-Bridge Phase2
Reset Component Physical Designator: Old Designator=R45 New Designator=R18_Half-Bridge Phase2
Reset Component Physical Designator: Old Designator=R46 New Designator=R8_Half-Bridge Phase3
Reset Component Physical Designator: Old Designator=R47 New Designator=R9_Half-Bridge Phase3
Reset Component Physical Designator: Old Designator=R48 New Designator=R10_Half-Bridge Phase3
Reset Component Physical Designator: Old Designator=R49 New Designator=R11_Half-Bridge Phase3
Reset Component Physical Designator: Old Designator=R50 New Designator=R12_Half-Bridge Phase3
Reset Component Physical Designator: Old Designator=R51 New Designator=R13_Half-Bridge Phase3
Reset Component Physical Designator: Old Designator=R52 New Designator=R14_Half-Bridge Phase3
Reset Component Physical Designator: Old Designator=R53 New Designator=R15_Half-Bridge Phase3
Reset Component Physical Designator: Old Designator=R54 New Designator=R16_Half-Bridge Phase3
Reset Component Physical Designator: Old Designator=R55 New Designator=R17_Half-Bridge Phase3
Reset Component Physical Designator: Old Designator=R56 New Designator=R18_Half-Bridge Phase3
Change Component Physical Designator: Old Designator=R57 New Designator=R24
Change Component Physical Designator: Old Designator=R58 New Designator=R25
Change Component Physical Designator: Old Designator=R59 New Designator=R26
Change Component Physical Designator: Old Designator=R60 New Designator=R27
Change Component Physical Designator: Old Designator=R61 New Designator=R28
Change Component Physical Designator: Old Designator=R62 New Designator=R29
Reset Component Physical Designator: Old Designator=TP1 New Designator=TP1_Half-Bridge Phase1
Reset Component Physical Designator: Old Designator=TP2 New Designator=TP2_Half-Bridge Phase1
Reset Component Physical Designator: Old Designator=TP3 New Designator=TP1_Half-Bridge Phase2
Reset Component Physical Designator: Old Designator=TP4 New Designator=TP2_Half-Bridge Phase2
Reset Component Physical Designator: Old Designator=TP5 New Designator=TP1_Half-Bridge Phase3
Reset Component Physical Designator: Old Designator=TP6 New Designator=TP2_Half-Bridge Phase3
Reset Component Physical Designator: Old Designator=U5 New Designator=U4_Half-Bridge Phase1
Reset Component Physical Designator: Old Designator=U6 New Designator=U4_Half-Bridge Phase2
Reset Component Physical Designator: Old Designator=U7 New Designator=U4_Half-Bridge Phase3
Change Component Physical Designator: Old Designator=U8 New Designator=U5
Change Component Physical Designator: Old Designator=U9 New Designator=U6
