Change Component Physical Designator: Old Designator=C32_Half-Bridge Phase1 New Designator=C45
Change Component Physical Designator: Old Designator=C32_Half-Bridge Phase2 New Designator=C46
Change Component Physical Designator: Old Designator=C32_Half-Bridge Phase3 New Designator=C47
Change Component Physical Designator: Old Designator=D10_Half-Bridge Phase1 New Designator=D13
Change Component Physical Designator: Old Designator=D10_Half-Bridge Phase2 New Designator=D16
Change Component Physical Designator: Old Designator=D10_Half-Bridge Phase3 New Designator=D19
Change Component Physical Designator: Old Designator=D11_Half-Bridge Phase1 New Designator=D14
Change Component Physical Designator: Old Designator=D11_Half-Bridge Phase2 New Designator=D17
Change Component Physical Designator: Old Designator=D11_Half-Bridge Phase3 New Designator=D20
Change Component Physical Designator: Old Designator=D12_Half-Bridge Phase1 New Designator=D15
Change Component Physical Designator: Old Designator=D12_Half-Bridge Phase2 New Designator=D18
Change Component Physical Designator: Old Designator=D12_Half-Bridge Phase3 New Designator=D21
Change Component Physical Designator: Old Designator=Q1_Half-Bridge Phase1 New Designator=Q3
Change Component Physical Designator: Old Designator=Q1_Half-Bridge Phase2 New Designator=Q5
Change Component Physical Designator: Old Designator=Q1_Half-Bridge Phase3 New Designator=Q7
Change Component Physical Designator: Old Designator=Q2_Half-Bridge Phase1 New Designator=Q4
Change Component Physical Designator: Old Designator=Q2_Half-Bridge Phase2 New Designator=Q6
Change Component Physical Designator: Old Designator=Q2_Half-Bridge Phase3 New Designator=Q8
Change Component Physical Designator: Old Designator=R8_Half-Bridge Phase1 New Designator=R30
Change Component Physical Designator: Old Designator=R8_Half-Bridge Phase2 New Designator=R41
Change Component Physical Designator: Old Designator=R8_Half-Bridge Phase3 New Designator=R52
Change Component Physical Designator: Old Designator=R9_Half-Bridge Phase1 New Designator=R31
Change Component Physical Designator: Old Designator=R9_Half-Bridge Phase2 New Designator=R42
Change Component Physical Designator: Old Designator=R9_Half-Bridge Phase3 New Designator=R53
Change Component Physical Designator: Old Designator=R10_Half-Bridge Phase1 New Designator=R32
Change Component Physical Designator: Old Designator=R10_Half-Bridge Phase2 New Designator=R43
Change Component Physical Designator: Old Designator=R10_Half-Bridge Phase3 New Designator=R54
Change Component Physical Designator: Old Designator=R11_Half-Bridge Phase1 New Designator=R33
Change Component Physical Designator: Old Designator=R11_Half-Bridge Phase2 New Designator=R44
Change Component Physical Designator: Old Designator=R11_Half-Bridge Phase3 New Designator=R55
Change Component Physical Designator: Old Designator=R12_Half-Bridge Phase1 New Designator=R34
Change Component Physical Designator: Old Designator=R12_Half-Bridge Phase2 New Designator=R45
Change Component Physical Designator: Old Designator=R12_Half-Bridge Phase3 New Designator=R56
Change Component Physical Designator: Old Designator=R13_Half-Bridge Phase1 New Designator=R35
Change Component Physical Designator: Old Designator=R13_Half-Bridge Phase2 New Designator=R46
Change Component Physical Designator: Old Designator=R13_Half-Bridge Phase3 New Designator=R57
Change Component Physical Designator: Old Designator=R14_Half-Bridge Phase1 New Designator=R36
Change Component Physical Designator: Old Designator=R14_Half-Bridge Phase2 New Designator=R47
Change Component Physical Designator: Old Designator=R14_Half-Bridge Phase3 New Designator=R58
Change Component Physical Designator: Old Designator=R15_Half-Bridge Phase1 New Designator=R37
Change Component Physical Designator: Old Designator=R15_Half-Bridge Phase2 New Designator=R48
Change Component Physical Designator: Old Designator=R15_Half-Bridge Phase3 New Designator=R59
Change Component Physical Designator: Old Designator=R16_Half-Bridge Phase1 New Designator=R38
Change Component Physical Designator: Old Designator=R16_Half-Bridge Phase2 New Designator=R49
Change Component Physical Designator: Old Designator=R16_Half-Bridge Phase3 New Designator=R60
Change Component Physical Designator: Old Designator=R17_Half-Bridge Phase1 New Designator=R39
Change Component Physical Designator: Old Designator=R17_Half-Bridge Phase2 New Designator=R50
Change Component Physical Designator: Old Designator=R17_Half-Bridge Phase3 New Designator=R61
Change Component Physical Designator: Old Designator=R18_Half-Bridge Phase1 New Designator=R40
Change Component Physical Designator: Old Designator=R18_Half-Bridge Phase2 New Designator=R51
Change Component Physical Designator: Old Designator=R18_Half-Bridge Phase3 New Designator=R62
Change Component Physical Designator: Old Designator=TP1_Half-Bridge Phase1 New Designator=TP1
Change Component Physical Designator: Old Designator=TP1_Half-Bridge Phase2 New Designator=TP3
Change Component Physical Designator: Old Designator=TP1_Half-Bridge Phase3 New Designator=TP5
Change Component Physical Designator: Old Designator=TP2_Half-Bridge Phase1 New Designator=TP2
Change Component Physical Designator: Old Designator=TP2_Half-Bridge Phase2 New Designator=TP4
Change Component Physical Designator: Old Designator=TP2_Half-Bridge Phase3 New Designator=TP6
Change Component Physical Designator: Old Designator=U4_Half-Bridge Phase1 New Designator=U7
Change Component Physical Designator: Old Designator=U4_Half-Bridge Phase2 New Designator=U8
Change Component Physical Designator: Old Designator=U4_Half-Bridge Phase3 New Designator=U9
