Removed Member From Class: ClassName=BLDC_Drive Member=C33
Removed Member From Class: ClassName=Power Member=C46
Removed Member From Class: ClassName=Power Member=C47
Change Component Designator: OldDesignator= NewDesignator=1
Change Component Designator: OldDesignator=C12 NewDesignator=C13
Change Component Designator: OldDesignator=C13 NewDesignator=C12
Change Component Designator: OldDesignator=C14 NewDesignator=C16
Change Component Designator: OldDesignator=C15 NewDesignator=C17
Change Component Designator: OldDesignator=C16 NewDesignator=C18
Change Component Designator: OldDesignator=C17 NewDesignator=C19
Change Component Designator: OldDesignator=C18 NewDesignator=C20
Change Component Designator: OldDesignator=C19 NewDesignator=C21
Change Component Designator: OldDesignator=C20 NewDesignator=C22
Change Component Designator: OldDesignator=C21 NewDesignator=C23
Change Component Designator: OldDesignator=C22 NewDesignator=C24
Change Component Designator: OldDesignator=C23 NewDesignator=C25
Change Component Designator: OldDesignator=C24 NewDesignator=C26
Change Component Designator: OldDesignator=C25 NewDesignator=C27
Change Component Designator: OldDesignator=C26 NewDesignator=C28
Change Component Designator: OldDesignator=C27 NewDesignator=C29
Change Component Designator: OldDesignator=C28 NewDesignator=C14
Change Component Designator: OldDesignator=C29 NewDesignator=C15
Change Component Designator: OldDesignator=C30 NewDesignator=C31
Change Component Designator: OldDesignator=C31 NewDesignator=C32
Change Component Designator: OldDesignator=C32_Half-Bridge Phase1 NewDesignator=C33
Change Component Designator: OldDesignator=C32_Half-Bridge Phase2 NewDesignator=C34
Change Component Designator: OldDesignator=C32_Half-Bridge Phase3 NewDesignator=C35
Change Component Designator: OldDesignator=C33 NewDesignator=C30
Change Component Designator: OldDesignator=C34 NewDesignator=C36
Change Component Designator: OldDesignator=C35 NewDesignator=C37
Change Component Designator: OldDesignator=C36 NewDesignator=C38
Change Component Designator: OldDesignator=C37 NewDesignator=C39
Change Component Designator: OldDesignator=C38 NewDesignator=C42
Change Component Designator: OldDesignator=C39 NewDesignator=C43
Change Component Designator: OldDesignator=C40 NewDesignator=C44
Change Component Designator: OldDesignator=C41 NewDesignator=C45
Change Component Designator: OldDesignator=C42 NewDesignator=C46
Change Component Designator: OldDesignator=C43 NewDesignator=C47
Change Component Designator: OldDesignator=C44 NewDesignator=C48
Change Component Designator: OldDesignator=C45 NewDesignator=C49
Change Component Designator: OldDesignator=C46 NewDesignator=C40
Change Component Designator: OldDesignator=C47 NewDesignator=C41
Change Component Designator: OldDesignator=D10_Half-Bridge Phase1 NewDesignator=D10
Change Component Designator: OldDesignator=D10_Half-Bridge Phase2 NewDesignator=D13
Change Component Designator: OldDesignator=D10_Half-Bridge Phase3 NewDesignator=D16
Change Component Designator: OldDesignator=D11_Half-Bridge Phase1 NewDesignator=D11
Change Component Designator: OldDesignator=D11_Half-Bridge Phase2 NewDesignator=D14
Change Component Designator: OldDesignator=D11_Half-Bridge Phase3 NewDesignator=D17
Change Component Designator: OldDesignator=D12_Half-Bridge Phase1 NewDesignator=D12
Change Component Designator: OldDesignator=D12_Half-Bridge Phase2 NewDesignator=D15
Change Component Designator: OldDesignator=D12_Half-Bridge Phase3 NewDesignator=D18
Change Component Designator: OldDesignator=D13 NewDesignator=D19
Change Component Designator: OldDesignator=D14 NewDesignator=D21
Change Component Designator: OldDesignator=D15 NewDesignator=D20
Change Component Designator: OldDesignator=J2 NewDesignator=J3
Change Component Designator: OldDesignator=J3 NewDesignator=J7
Change Component Designator: OldDesignator=J4 NewDesignator=J8
Change Component Designator: OldDesignator=J5 NewDesignator=J10
Change Component Designator: OldDesignator=J6 NewDesignator=J9
Change Component Designator: OldDesignator=J7 NewDesignator=J11
Change Component Designator: OldDesignator=J8 NewDesignator=J2
Change Component Designator: OldDesignator=J9 NewDesignator=J4
Change Component Designator: OldDesignator=J10 NewDesignator=J5
Change Component Designator: OldDesignator=J11 NewDesignator=J6
Change Component Designator: OldDesignator=Q1_Half-Bridge Phase1 NewDesignator=Q3
Change Component Designator: OldDesignator=Q1_Half-Bridge Phase2 NewDesignator=Q5
Change Component Designator: OldDesignator=Q1_Half-Bridge Phase3 NewDesignator=Q7
Change Component Designator: OldDesignator=Q2_Half-Bridge Phase1 NewDesignator=Q4
Change Component Designator: OldDesignator=Q2_Half-Bridge Phase2 NewDesignator=Q6
Change Component Designator: OldDesignator=Q2_Half-Bridge Phase3 NewDesignator=Q8
Change Component Designator: OldDesignator=Q3 NewDesignator=Q1
Change Component Designator: OldDesignator=Q4 NewDesignator=Q2
Change Component Designator: OldDesignator=R8_Half-Bridge Phase1 NewDesignator=R24
Change Component Designator: OldDesignator=R8_Half-Bridge Phase2 NewDesignator=R35
Change Component Designator: OldDesignator=R8_Half-Bridge Phase3 NewDesignator=R46
Change Component Designator: OldDesignator=R9_Half-Bridge Phase1 NewDesignator=R25
Change Component Designator: OldDesignator=R9_Half-Bridge Phase2 NewDesignator=R36
Change Component Designator: OldDesignator=R9_Half-Bridge Phase3 NewDesignator=R47
Change Component Designator: OldDesignator=R10_Half-Bridge Phase1 NewDesignator=R26
Change Component Designator: OldDesignator=R10_Half-Bridge Phase2 NewDesignator=R37
Change Component Designator: OldDesignator=R10_Half-Bridge Phase3 NewDesignator=R48
Change Component Designator: OldDesignator=R11_Half-Bridge Phase1 NewDesignator=R27
Change Component Designator: OldDesignator=R11_Half-Bridge Phase2 NewDesignator=R38
Change Component Designator: OldDesignator=R11_Half-Bridge Phase3 NewDesignator=R49
Change Component Designator: OldDesignator=R12_Half-Bridge Phase1 NewDesignator=R28
Change Component Designator: OldDesignator=R12_Half-Bridge Phase2 NewDesignator=R39
Change Component Designator: OldDesignator=R12_Half-Bridge Phase3 NewDesignator=R50
Change Component Designator: OldDesignator=R13_Half-Bridge Phase1 NewDesignator=R29
Change Component Designator: OldDesignator=R13_Half-Bridge Phase2 NewDesignator=R40
Change Component Designator: OldDesignator=R13_Half-Bridge Phase3 NewDesignator=R51
Change Component Designator: OldDesignator=R14_Half-Bridge Phase1 NewDesignator=R30
Change Component Designator: OldDesignator=R14_Half-Bridge Phase2 NewDesignator=R41
Change Component Designator: OldDesignator=R14_Half-Bridge Phase3 NewDesignator=R52
Change Component Designator: OldDesignator=R15_Half-Bridge Phase1 NewDesignator=R31
Change Component Designator: OldDesignator=R15_Half-Bridge Phase2 NewDesignator=R42
Change Component Designator: OldDesignator=R15_Half-Bridge Phase3 NewDesignator=R53
Change Component Designator: OldDesignator=R16_Half-Bridge Phase1 NewDesignator=R32
Change Component Designator: OldDesignator=R16_Half-Bridge Phase2 NewDesignator=R43
Change Component Designator: OldDesignator=R16_Half-Bridge Phase3 NewDesignator=R54
Change Component Designator: OldDesignator=R17_Half-Bridge Phase1 NewDesignator=R33
Change Component Designator: OldDesignator=R17_Half-Bridge Phase2 NewDesignator=R44
Change Component Designator: OldDesignator=R17_Half-Bridge Phase3 NewDesignator=R55
Change Component Designator: OldDesignator=R18_Half-Bridge Phase1 NewDesignator=R34
Change Component Designator: OldDesignator=R18_Half-Bridge Phase2 NewDesignator=R45
Change Component Designator: OldDesignator=R18_Half-Bridge Phase3 NewDesignator=R56
Change Component Designator: OldDesignator=R19 NewDesignator=R14
Change Component Designator: OldDesignator=R20 NewDesignator=R8
Change Component Designator: OldDesignator=R21 NewDesignator=R11
Change Component Designator: OldDesignator=R22 NewDesignator=R12
Change Component Designator: OldDesignator=R23 NewDesignator=R13
Change Component Designator: OldDesignator=R24 NewDesignator=R19
Change Component Designator: OldDesignator=R25 NewDesignator=R20
Change Component Designator: OldDesignator=R26 NewDesignator=R9
Change Component Designator: OldDesignator=R27 NewDesignator=R10
Change Component Designator: OldDesignator=R28 NewDesignator=R16
Change Component Designator: OldDesignator=R29 NewDesignator=R17
Change Component Designator: OldDesignator=R30 NewDesignator=R57
Change Component Designator: OldDesignator=R31 NewDesignator=R58
Change Component Designator: OldDesignator=R32 NewDesignator=R59
Change Component Designator: OldDesignator=R33 NewDesignator=R60
Change Component Designator: OldDesignator=R34 NewDesignator=R61
Change Component Designator: OldDesignator=R35 NewDesignator=R62
Change Component Designator: OldDesignator=R36 NewDesignator=R15
Change Component Designator: OldDesignator=R37 NewDesignator=R18
Change Component Designator: OldDesignator=R38 NewDesignator=R21
Change Component Designator: OldDesignator=R39 NewDesignator=R22
Change Component Designator: OldDesignator=R40 NewDesignator=R23
Change Component Designator: OldDesignator=U4_Half-Bridge Phase1 NewDesignator=U6
Change Component Designator: OldDesignator=U4_Half-Bridge Phase2 NewDesignator=U7
Change Component Designator: OldDesignator=U4_Half-Bridge Phase3 NewDesignator=U8
Change Component Designator: OldDesignator=U5 NewDesignator=U4
Change Component Designator: OldDesignator=U6 NewDesignator=U5
Change Component Designator: OldDesignator=U7 NewDesignator=U9
Change Net Name : Old Net Name=Net_1 New Net Name=Net1_1
Change Net Name : Old Net Name=Net_3 New Net Name=Net1_3
Change Net Name : Old Net Name=Net_4 New Net Name=Net1_4
Change Net Name : Old Net Name=Net_6 New Net Name=Net1_6
Change Net Name : Old Net Name=Net_8 New Net Name=Net1_8
Change Net Name : Old Net Name=NetC13_1 New Net Name=NetC12_1
Change Net Name : Old Net Name=NetC14_1 New Net Name=NetC16_1
Change Net Name : Old Net Name=NetC42_2 New Net Name=NetC46_2
Change Net Name : Old Net Name=NetD10_Half-Bridge Phase1_1 New Net Name=NetD10_1
Change Net Name : Old Net Name=NetD10_Half-Bridge Phase2_1 New Net Name=NetD13_1
Change Net Name : Old Net Name=NetD10_Half-Bridge Phase3_1 New Net Name=NetD16_1
Change Net Name : Old Net Name=NetD11_Half-Bridge Phase1_1 New Net Name=NetD11_1
Change Net Name : Old Net Name=NetD11_Half-Bridge Phase2_1 New Net Name=NetD14_1
Change Net Name : Old Net Name=NetD11_Half-Bridge Phase3_1 New Net Name=NetD17_1
Change Net Name : Old Net Name=NetJ4_2 New Net Name=NetJ8_2
Change Net Name : Old Net Name=NetJ6_2 New Net Name=NetJ9_2
Change Net Name : Old Net Name=NetJ6_3 New Net Name=NetJ9_3
Change Net Name : Old Net Name=NetJ7_1 New Net Name=NetJ11_1
Change Net Name : Old Net Name=NetJ7_2 New Net Name=NetJ11_2
Change Net Name : Old Net Name=NetQ1_Half-Bridge Phase1_1 New Net Name=NetQ3_1
Change Net Name : Old Net Name=NetQ1_Half-Bridge Phase2_1 New Net Name=NetQ5_1
Change Net Name : Old Net Name=NetQ1_Half-Bridge Phase3_1 New Net Name=NetQ7_1
Change Net Name : Old Net Name=NetQ2_Half-Bridge Phase1_1 New Net Name=NetQ4_1
Change Net Name : Old Net Name=NetQ2_Half-Bridge Phase1_3 New Net Name=NetQ4_3
Change Net Name : Old Net Name=NetQ2_Half-Bridge Phase2_1 New Net Name=NetQ6_1
Change Net Name : Old Net Name=NetQ2_Half-Bridge Phase2_3 New Net Name=NetQ6_3
Change Net Name : Old Net Name=NetQ2_Half-Bridge Phase3_1 New Net Name=NetQ8_1
Change Net Name : Old Net Name=NetQ2_Half-Bridge Phase3_3 New Net Name=NetQ8_3
Change Net Name : Old Net Name=NetQ3_1 New Net Name=NetQ1_1
Change Net Name : Old Net Name=NetQ3_3 New Net Name=NetQ1_3
Change Net Name : Old Net Name=NetR12_Half-Bridge Phase1_1 New Net Name=NetR28_1
Change Net Name : Old Net Name=NetR12_Half-Bridge Phase2_1 New Net Name=NetR39_1
Change Net Name : Old Net Name=NetR12_Half-Bridge Phase3_1 New Net Name=NetR50_1
Change Net Name : Old Net Name=NetR17_Half-Bridge Phase1_2 New Net Name=NetR33_2
Change Net Name : Old Net Name=NetR17_Half-Bridge Phase2_2 New Net Name=NetR44_2
Change Net Name : Old Net Name=NetR17_Half-Bridge Phase3_2 New Net Name=NetR55_2
Change Net Name : Old Net Name=NetR22_1 New Net Name=NetR12_1
Change Net Name : Old Net Name=NetR26_2 New Net Name=NetR9_2
Change Net Name : Old Net Name=NetR28_1 New Net Name=NetR16_1
Added Member To Class: ClassName=BLDC_Drive Member=Component C32 (C31) 1uF
Added Member To Class: ClassName=Power Member=Component C48 (C44) 0.1uF
Added Member To Class: ClassName=Power Member=Component C49 (C45) 0.1uF
Added Room: Name=BLDC_Drive
Added Room: Name=Power
