Removed Member From Class: ClassName=Half-Bridge Phase2 Member=C36
Removed Member From Class: ClassName=Half-Bridge Phase2 Member=D20
Removed Member From Class: ClassName=Half-Bridge Phase1 Member=Q1
Removed Member From Class: ClassName=Half-Bridge Phase1 Member=R58
Removed Member From Class: ClassName=Half-Bridge Phase1 Member=R60
Removed Member From Class: ClassName=Half-Bridge Phase1 Member=R61
Added Member To Class: ClassName=BLDC_Drive Member=Component C12 (C13) 18pF
Added Member To Class: ClassName=BLDC_Drive Member=Component C16 (C14) 18pF
Added Member To Class: ClassName=BLDC_Drive Member=Component C17 (C15) 0.1uF
Added Member To Class: ClassName=BLDC_Drive Member=Component C18 (C16) 0.1uF
Added Member To Class: ClassName=BLDC_Drive Member=Component C19 (C17) 4.7uF
Added Member To Class: ClassName=BLDC_Drive Member=Component C20 (C18) 0.1uF
Added Member To Class: ClassName=BLDC_Drive Member=Component C21 (C19) 0.1uF
Added Member To Class: ClassName=BLDC_Drive Member=Component C22 (C20) 0.1uF
Added Member To Class: ClassName=BLDC_Drive Member=Component C23 (C21) 0.1uF
Added Member To Class: ClassName=BLDC_Drive Member=Component C24 (C22) 0.1uF
Added Member To Class: ClassName=BLDC_Drive Member=Component C25 (C23) 0.1uF
Added Member To Class: ClassName=BLDC_Drive Member=Component C26 (C24) 0.1uF
Added Member To Class: ClassName=BLDC_Drive Member=Component C27 (C25) 0.1uF
Added Member To Class: ClassName=BLDC_Drive Member=Component C28 (C26) 0.1uF
Added Member To Class: ClassName=BLDC_Drive Member=Component C29 (C27) 0.1uF
Added Member To Class: ClassName=BLDC_Drive Member=Component C30 (C33) 0.1uF
Added Member To Class: ClassName=Half-Bridge Phase2 Member=Component C34 (C32) 0.1uF
Added Member To Class: ClassName=Power Member=Component C37 (C35) 47uF
Added Member To Class: ClassName=Power Member=Component C38 (C36) 47uF
Added Member To Class: ClassName=Power Member=Component C39 (C37) 4.7uF
Added Member To Class: ClassName=Power Member=Component C40 (C46) 0.1uF
Added Member To Class: ClassName=Power Member=Component C43 (C39) 2.2uF
Added Member To Class: ClassName=Power Member=Component C44 (C40) 2.2uF
Added Member To Class: ClassName=Power Member=Component C45 (C41) 22pF
Added Member To Class: ClassName=Power Member=Component C46 (C42) 22nF
Added Member To Class: ClassName=Power Member=Component C47 (C43) 0.33uF
Added Member To Class: ClassName=Half-Bridge Phase2 Member=Component D15 (D12) TVS 3.3V
Added Member To Class: ClassName=BLDC_Drive Member=Component J3 (J2) PLS 5x1
Added Member To Class: ClassName=BLDC_Drive Member=Component J4 (J9) Phase1
Added Member To Class: ClassName=BLDC_Drive Member=Component J7 (J3) CWF-6P
Added Member To Class: ClassName=BLDC_Drive Member=Component J8 (J4) XT30
Added Member To Class: ClassName=BLDC_Drive Member=Component J10 (J5) CWF-3P
Added Member To Class: ClassName=BLDC_Drive Member=Component J11 (J7) DB9
Added Member To Class: ClassName=Half-Bridge Phase1 Member=Component Q3 (Q1) 100V, 59A, 18m?
Added Member To Class: ClassName=BLDC_Drive Member=Component R19 (R24) 25mR
Added Member To Class: ClassName=BLDC_Drive Member=Component R21 (R38) 24k
Added Member To Class: ClassName=BLDC_Drive Member=Component R23 (R40) 4.7k
Added Member To Class: ClassName=Half-Bridge Phase1 Member=Component R31 (R15) 1mR
Added Member To Class: ClassName=Half-Bridge Phase1 Member=Component R33 (R17) 1k
Added Member To Class: ClassName=Half-Bridge Phase1 Member=Component R34 (R18) 100k
Added Member To Class: ClassName=BLDC_Drive Member=Component U5 (U6) RS-485
Added Room: Name=Half-Bridge Phase1
Added Room: Name=Half-Bridge Phase2
Added Room: Name=Half-Bridge Phase3
