Change Component Physical Designator: Old Designator=C1 New Designator=C28
Change Component Physical Designator: Old Designator=C3 New Designator=C1
Change Component Physical Designator: Old Designator=C4 New Designator=C2
Change Component Physical Designator: Old Designator=C5 New Designator=C3
Change Component Physical Designator: Old Designator=C6 New Designator=C4
Change Component Physical Designator: Old Designator=C7 New Designator=C5
Change Component Physical Designator: Old Designator=C8 New Designator=C6
Change Component Physical Designator: Old Designator=C9 New Designator=C7
Change Component Physical Designator: Old Designator=C10 New Designator=C8
Change Component Physical Designator: Old Designator=C11 New Designator=C9
Change Component Physical Designator: Old Designator=C12 New Designator=C11
Change Component Physical Designator: Old Designator=C13 New Designator=C10
Change Component Physical Designator: Old Designator=C28 New Designator=C12
Change Component Physical Designator: Old Designator=C29 New Designator=C13
Change Component Physical Designator: Old Designator=C33 New Designator=C29
Change Component Physical Designator: Old Designator=C34 New Designator=C32
Change Component Physical Designator: Old Designator=C35 New Designator=C33
Change Component Physical Designator: Old Designator=C37 New Designator=C34
Change Component Physical Designator: Old Designator=C38 New Designator=C37
Change Component Physical Designator: Old Designator=C39 New Designator=C38
Change Component Physical Designator: Old Designator=C40 New Designator=C39
Change Component Physical Designator: Old Designator=C41 New Designator=C40
Change Component Physical Designator: Old Designator=C42 New Designator=C41
Change Component Physical Designator: Old Designator=C43 New Designator=C42
Change Component Physical Designator: Old Designator=C44 New Designator=C43
Change Component Physical Designator: Old Designator=C45 New Designator=C44
Change Component Physical Designator: Old Designator=C46 New Designator=C35
Change Component Physical Designator: Old Designator=C47 New Designator=C36
Change Component Physical Designator: Old Designator=D13 New Designator=D10
Change Component Physical Designator: Old Designator=D14 New Designator=D12
Change Component Physical Designator: Old Designator=D15 New Designator=D11
Change Component Physical Designator: Old Designator=J2 New Designator=J3
Change Component Physical Designator: Old Designator=J3 New Designator=J7
Change Component Physical Designator: Old Designator=J4 New Designator=J8
Change Component Physical Designator: Old Designator=J5 New Designator=J11
Change Component Physical Designator: Old Designator=J6 New Designator=J10
Change Component Physical Designator: Old Designator=J7 New Designator=J12
Change Component Physical Designator: Old Designator=J8 New Designator=J2
Change Component Physical Designator: Old Designator=J9 New Designator=J4
Change Component Physical Designator: Old Designator=J10 New Designator=J5
Change Component Physical Designator: Old Designator=J11 New Designator=J6
Change Component Physical Designator: Old Designator=J12 New Designator=J9
Change Component Physical Designator: Old Designator=Q3 New Designator=Q1
Change Component Physical Designator: Old Designator=Q4 New Designator=Q2
Change Component Physical Designator: Old Designator=R19 New Designator=R14
Change Component Physical Designator: Old Designator=R20 New Designator=R8
Change Component Physical Designator: Old Designator=R21 New Designator=R11
Change Component Physical Designator: Old Designator=R22 New Designator=R12
Change Component Physical Designator: Old Designator=R23 New Designator=R13
Change Component Physical Designator: Old Designator=R24 New Designator=R19
Change Component Physical Designator: Old Designator=R25 New Designator=R20
Change Component Physical Designator: Old Designator=R26 New Designator=R9
Change Component Physical Designator: Old Designator=R27 New Designator=R10
Change Component Physical Designator: Old Designator=R28 New Designator=R16
Change Component Physical Designator: Old Designator=R29 New Designator=R17
Change Component Physical Designator: Old Designator=R30 New Designator=R24
Change Component Physical Designator: Old Designator=R31 New Designator=R25
Change Component Physical Designator: Old Designator=R32 New Designator=R26
Change Component Physical Designator: Old Designator=R33 New Designator=R27
Change Component Physical Designator: Old Designator=R34 New Designator=R28
Change Component Physical Designator: Old Designator=R35 New Designator=R29
Change Component Physical Designator: Old Designator=R36 New Designator=R15
Change Component Physical Designator: Old Designator=R37 New Designator=R18
Change Component Physical Designator: Old Designator=R38 New Designator=R21
Change Component Physical Designator: Old Designator=R39 New Designator=R22
Change Component Physical Designator: Old Designator=R40 New Designator=R23
Change Component Physical Designator: Old Designator=U2 New Designator=U1
Change Component Physical Designator: Old Designator=U3 New Designator=U2
Change Component Physical Designator: Old Designator=U5 New Designator=U3
Change Component Physical Designator: Old Designator=U6 New Designator=U4
Change Component Physical Designator: Old Designator=U7 New Designator=U6
Change Component Physical Designator: Old Designator=U8 New Designator=U5
